#
# There is insufficient memory for the Java Runtime Environment to continue.
# Native memory allocation (malloc) failed to allocate 651040 bytes. Error detail: Chunk::new
# Possible reasons:
#   The system is out of physical RAM or swap space
#   This process is running with CompressedOops enabled, and the Java Heap may be blocking the growth of the native heap
# Possible solutions:
#   Reduce memory load on the system
#   Increase physical memory or swap space
#   Check if swap backing store is full
#   Decrease Java heap size (-Xmx/-Xms)
#   Decrease number of Java threads
#   Decrease Java thread stack sizes (-Xss)
#   Set larger code cache with -XX:ReservedCodeCacheSize=
#   JVM is running with Unscaled Compressed Oops mode in which the Java heap is
#     placed in the first 4GB address space. The Java Heap base address is the
#     maximum limit for the native heap growth. Please use -XX:HeapBaseMinAddress
#     to set the Java Heap base and to place the Java Heap above 4GB virtual address.
# This output file may be truncated or incomplete.
#
#  Out of Memory Error (arena.cpp:168), pid=18484, tid=19824
#
# JRE version: OpenJDK Runtime Environment (21.0.9) (build 21.0.9+-14787801-b1163.94)
# Java VM: OpenJDK 64-Bit Server VM (21.0.9+-14787801-b1163.94, mixed mode, tiered, compressed oops, compressed class ptrs, g1 gc, windows-amd64)
# No core dump will be written. Minidumps are not enabled by default on client versions of Windows
#

---------------  S U M M A R Y ------------

Command Line: --add-opens=java.base/java.lang=ALL-UNNAMED --add-opens=java.base/java.lang.invoke=ALL-UNNAMED --add-opens=java.base/java.util=ALL-UNNAMED --add-opens=java.prefs/java.util.prefs=ALL-UNNAMED --add-exports=jdk.compiler/com.sun.tools.javac.api=ALL-UNNAMED --add-exports=jdk.compiler/com.sun.tools.javac.util=ALL-UNNAMED --add-opens=java.base/java.util=ALL-UNNAMED --add-opens=java.prefs/java.util.prefs=ALL-UNNAMED --add-opens=java.base/java.nio.charset=ALL-UNNAMED --add-opens=java.base/java.net=ALL-UNNAMED --add-opens=java.base/java.util.concurrent=ALL-UNNAMED --add-opens=java.base/java.util.concurrent.atomic=ALL-UNNAMED --add-opens=java.xml/javax.xml.namespace=ALL-UNNAMED --add-opens=java.base/java.time=ALL-UNNAMED -XX:MaxMetaspaceSize=384m -XX:+HeapDumpOnOutOfMemoryError -Xms256m -Xmx512m -Dfile.encoding=UTF-8 -Duser.country=GB -Duser.language=en -Duser.variant -javaagent:C:\Users\mervi\.gradle\wrapper\dists\gradle-9.3.1-bin\23ovyewtku6u96viwx3xl3oks\gradle-9.3.1\lib\agents\gradle-instrumentation-agent-9.3.1.jar org.gradle.launcher.daemon.bootstrap.GradleDaemon 9.3.1

Host: AMD Ryzen 3 3200U with Radeon Vega Mobile Gfx  , 4 cores, 5G,  Windows 11 , 64 bit Build 26100 (10.0.26100.7920)
Time: Tue Mar 31 11:45:21 2026 FLE Summer Time elapsed time: 96.773719 seconds (0d 0h 1m 36s)

---------------  T H R E A D  ---------------

Current thread (0x0000014faa9f5cb0):  JavaThread "C2 CompilerThread0" daemon [_thread_in_native, id=19824, stack(0x0000003f49500000,0x0000003f49600000) (1024K)]


Current CompileTask:
C2:96773 3954 %     4       java.util.zip.ZipFile$Source::initCEN @ 261 (612 bytes)

Stack: [0x0000003f49500000,0x0000003f49600000]
Native frames: (J=compiled Java code, j=interpreted, Vv=VM code, C=native code)
V  [jvm.dll+0x6d6c99]
V  [jvm.dll+0x866b83]
V  [jvm.dll+0x8691ae]
V  [jvm.dll+0x869893]
V  [jvm.dll+0x280776]
V  [jvm.dll+0xc07cd]
V  [jvm.dll+0xc0d03]
V  [jvm.dll+0x3b986b]
V  [jvm.dll+0x3856a7]
V  [jvm.dll+0x384b1a]
V  [jvm.dll+0x249462]
V  [jvm.dll+0x248a31]
V  [jvm.dll+0x1c7344]
V  [jvm.dll+0x2581ae]
V  [jvm.dll+0x2566f6]
V  [jvm.dll+0x3f48a6]
V  [jvm.dll+0x80f118]
V  [jvm.dll+0x6d54ed]
C  [ucrtbase.dll+0x37b0]
C  [KERNEL32.DLL+0x2e8d7]
C  [ntdll.dll+0x8c48c]


---------------  P R O C E S S  ---------------

Threads class SMR info:
_java_thread_list=0x0000014fafa8a100, length=32, elements={
0x0000014f93a79540, 0x0000014faa9c0f80, 0x0000014faa9e6fc0, 0x0000014faa9f2990,
0x0000014faa9f3000, 0x0000014faa9f3a60, 0x0000014faa9f44c0, 0x0000014faa9f4f20,
0x0000014faa9f5cb0, 0x0000014faaa7c6c0, 0x0000014faf01aeb0, 0x0000014faff06990,
0x0000014fb05377f0, 0x0000014fafdbb170, 0x0000014fb03e9730, 0x0000014faac5be60,
0x0000014fafbf0b70, 0x0000014faac5b620, 0x0000014fafde6a10, 0x0000014fafde7dc0,
0x0000014fafde8450, 0x0000014fafde70a0, 0x0000014fafde7730, 0x0000014fafde8ae0,
0x0000014fb29a5520, 0x0000014fb29a89a0, 0x0000014fb29a5bb0, 0x0000014fb29a9030,
0x0000014fb29a7c80, 0x0000014fb29a6240, 0x0000014fb29a9d50, 0x0000014fb29a8310
}

Java Threads: ( => current thread )
  0x0000014f93a79540 JavaThread "main"                              [_thread_blocked, id=16548, stack(0x0000003f48600000,0x0000003f48700000) (1024K)]
  0x0000014faa9c0f80 JavaThread "Common-Cleaner"             daemon [_thread_blocked, id=4608, stack(0x0000003f48e00000,0x0000003f48f00000) (1024K)]
  0x0000014faa9e6fc0 JavaThread "Reference Handler"          daemon [_thread_blocked, id=11716, stack(0x0000003f48f00000,0x0000003f49000000) (1024K)]
  0x0000014faa9f2990 JavaThread "Finalizer"                  daemon [_thread_blocked, id=8368, stack(0x0000003f49000000,0x0000003f49100000) (1024K)]
  0x0000014faa9f3000 JavaThread "Signal Dispatcher"          daemon [_thread_blocked, id=9868, stack(0x0000003f49100000,0x0000003f49200000) (1024K)]
  0x0000014faa9f3a60 JavaThread "Attach Listener"            daemon [_thread_blocked, id=19052, stack(0x0000003f49200000,0x0000003f49300000) (1024K)]
  0x0000014faa9f44c0 JavaThread "Service Thread"             daemon [_thread_blocked, id=12072, stack(0x0000003f49300000,0x0000003f49400000) (1024K)]
  0x0000014faa9f4f20 JavaThread "Monitor Deflation Thread"   daemon [_thread_blocked, id=9152, stack(0x0000003f49400000,0x0000003f49500000) (1024K)]
=>0x0000014faa9f5cb0 JavaThread "C2 CompilerThread0"         daemon [_thread_in_native, id=19824, stack(0x0000003f49500000,0x0000003f49600000) (1024K)]
  0x0000014faaa7c6c0 JavaThread "C1 CompilerThread0"         daemon [_thread_blocked, id=20932, stack(0x0000003f49600000,0x0000003f49700000) (1024K)]
  0x0000014faf01aeb0 JavaThread "Notification Thread"        daemon [_thread_blocked, id=22288, stack(0x0000003f49700000,0x0000003f49800000) (1024K)]
  0x0000014faff06990 JavaThread "Daemon health stats"               [_thread_blocked, id=11740, stack(0x0000003f49b00000,0x0000003f49c00000) (1024K)]
  0x0000014fb05377f0 JavaThread "Incoming local TCP Connector on port 64685"        [_thread_in_native, id=14572, stack(0x0000003f49c00000,0x0000003f49d00000) (1024K)]
  0x0000014fafdbb170 JavaThread "Daemon periodic checks"            [_thread_blocked, id=18436, stack(0x0000003f49d00000,0x0000003f49e00000) (1024K)]
  0x0000014fb03e9730 JavaThread "Daemon"                            [_thread_blocked, id=10760, stack(0x0000003f49e00000,0x0000003f49f00000) (1024K)]
  0x0000014faac5be60 JavaThread "Handler for socket connection from /127.0.0.1:64685 to /127.0.0.1:64695"        [_thread_in_native, id=12104, stack(0x0000003f49f00000,0x0000003f4a000000) (1024K)]
  0x0000014fafbf0b70 JavaThread "Cancel handler"                    [_thread_blocked, id=18092, stack(0x0000003f4a000000,0x0000003f4a100000) (1024K)]
  0x0000014faac5b620 JavaThread "Daemon worker"                     [_thread_in_Java, id=18952, stack(0x0000003f4a100000,0x0000003f4a200000) (1024K)]
  0x0000014fafde6a10 JavaThread "Asynchronous log dispatcher for DefaultDaemonConnection: socket connection from /127.0.0.1:64685 to /127.0.0.1:64695"        [_thread_blocked, id=19136, stack(0x0000003f4a200000,0x0000003f4a300000) (1024K)]
  0x0000014fafde7dc0 JavaThread "Stdin handler"                     [_thread_blocked, id=17380, stack(0x0000003f4a300000,0x0000003f4a400000) (1024K)]
  0x0000014fafde8450 JavaThread "Daemon client event forwarder"        [_thread_blocked, id=14444, stack(0x0000003f4a400000,0x0000003f4a500000) (1024K)]
  0x0000014fafde70a0 JavaThread "Cache worker for journal cache (C:\Users\mervi\.gradle\caches\journal-1)"        [_thread_blocked, id=19924, stack(0x0000003f4a500000,0x0000003f4a600000) (1024K)]
  0x0000014fafde7730 JavaThread "File lock request listener"        [_thread_in_native, id=20680, stack(0x0000003f4a600000,0x0000003f4a700000) (1024K)]
  0x0000014fafde8ae0 JavaThread "Cache worker for file hash cache (C:\Users\mervi\.gradle\caches\9.3.1\fileHashes)"        [_thread_blocked, id=9992, stack(0x0000003f4a700000,0x0000003f4a800000) (1024K)]
  0x0000014fb29a5520 JavaThread "Cache worker for file hash cache (C:\Users\mervi\AndroidStudioProjects\PopularMoviesApp\.gradle\9.3.1\fileHashes)"        [_thread_blocked, id=17204, stack(0x0000003f48400000,0x0000003f48500000) (1024K)]
  0x0000014fb29a89a0 JavaThread "Cache worker for Build Output Cleanup Cache (C:\Users\mervi\AndroidStudioProjects\PopularMoviesApp\.gradle\buildOutputCleanup)"        [_thread_blocked, id=17796, stack(0x0000003f48500000,0x0000003f48600000) (1024K)]
  0x0000014fb29a5bb0 JavaThread "File watcher server"        daemon [_thread_in_native, id=15476, stack(0x0000003f4a800000,0x0000003f4a900000) (1024K)]
  0x0000014fb29a9030 JavaThread "File watcher consumer"      daemon [_thread_blocked, id=3440, stack(0x0000003f4a900000,0x0000003f4aa00000) (1024K)]
  0x0000014fb29a7c80 JavaThread "jar transforms"                    [_thread_blocked, id=20444, stack(0x0000003f4aa00000,0x0000003f4ab00000) (1024K)]
  0x0000014fb29a6240 JavaThread "jar transforms Thread 2"           [_thread_blocked, id=19044, stack(0x0000003f4ab00000,0x0000003f4ac00000) (1024K)]
  0x0000014fb29a9d50 JavaThread "jar transforms Thread 3"           [_thread_blocked, id=6408, stack(0x0000003f4ac00000,0x0000003f4ad00000) (1024K)]
  0x0000014fb29a8310 JavaThread "jar transforms Thread 4"           [_thread_blocked, id=6184, stack(0x0000003f4ad00000,0x0000003f4ae00000) (1024K)]
Total: 32

Other Threads:
  0x0000014faa82ec00 VMThread "VM Thread"                           [id=17748, stack(0x0000003f48d00000,0x0000003f48e00000) (1024K)]
  0x0000014faa7dff00 WatcherThread "VM Periodic Task Thread"        [id=21816, stack(0x0000003f48c00000,0x0000003f48d00000) (1024K)]
  0x0000014f93aa2de0 WorkerThread "GC Thread#0"                     [id=18896, stack(0x0000003f48700000,0x0000003f48800000) (1024K)]
  0x0000014faad30990 WorkerThread "GC Thread#1"                     [id=17708, stack(0x0000003f49800000,0x0000003f49900000) (1024K)]
  0x0000014faad30d30 WorkerThread "GC Thread#2"                     [id=20812, stack(0x0000003f49900000,0x0000003f49a00000) (1024K)]
  0x0000014faad310d0 WorkerThread "GC Thread#3"                     [id=19560, stack(0x0000003f49a00000,0x0000003f49b00000) (1024K)]
  0x0000014f93aa88e0 ConcurrentGCThread "G1 Main Marker"            [id=15672, stack(0x0000003f48800000,0x0000003f48900000) (1024K)]
  0x0000014f93aaa130 WorkerThread "G1 Conc#0"                       [id=19412, stack(0x0000003f48900000,0x0000003f48a00000) (1024K)]
  0x0000014faa6ab180 ConcurrentGCThread "G1 Refine#0"               [id=14652, stack(0x0000003f48a00000,0x0000003f48b00000) (1024K)]
  0x0000014faa6ac940 ConcurrentGCThread "G1 Service"                [id=22372, stack(0x0000003f48b00000,0x0000003f48c00000) (1024K)]
Total: 10

Threads with active compile tasks:
C2 CompilerThread0  96839 3954 %     4       java.util.zip.ZipFile$Source::initCEN @ 261 (612 bytes)
Total: 1

VM state: not at safepoint (normal execution)

VM Mutex/Monitor currently owned by a thread: None

Heap address: 0x00000000e0000000, size: 512 MB, Compressed Oops mode: 32-bit

CDS archive(s) not mapped
Compressed class space mapped at: 0x0000000100000000-0x0000000114000000, reserved size: 335544320
Narrow klass base: 0x0000000000000000, Narrow klass shift: 3, Narrow klass range: 0x114000000

GC Precious Log:
 CardTable entry size: 512
 Card Set container configuration: InlinePtr #cards 5 size 8 Array Of Cards #cards 12 size 40 Howl #buckets 4 coarsen threshold 1843 Howl Bitmap #cards 512 size 80 coarsen threshold 460 Card regions per heap region 1 cards per card region 2048
 CPUs: 4 total, 4 available
 Memory: 6090M
 Large Page Support: Disabled
 NUMA Support: Disabled
 Compressed Oops: Enabled (32-bit)
 Heap Region Size: 1M
 Heap Min Capacity: 256M
 Heap Initial Capacity: 256M
 Heap Max Capacity: 512M
 Pre-touch: Disabled
 Parallel Workers: 4
 Concurrent Workers: 1
 Concurrent Refinement Workers: 4
 Periodic GC: Disabled

Heap:
 garbage-first heap   total 262144K, used 62612K [0x00000000e0000000, 0x0000000100000000)
  region size 1024K, 38 young (38912K), 7 survivors (7168K)
 Metaspace       used 38796K, committed 39616K, reserved 393216K
  class space    used 5232K, committed 5632K, reserved 327680K

Heap Regions: E=young(eden), S=young(survivor), O=old, HS=humongous(starts), HC=humongous(continues), CS=collection set, F=free, TAMS=top-at-mark-start, PB=parsable bottom
|   0|0x00000000e0000000, 0x00000000e0100000, 0x00000000e0100000|100%|HS|  |TAMS 0x00000000e0000000| PB 0x00000000e0000000| Complete 
|   1|0x00000000e0100000, 0x00000000e0200000, 0x00000000e0200000|100%|HC|  |TAMS 0x00000000e0100000| PB 0x00000000e0100000| Complete 
|   2|0x00000000e0200000, 0x00000000e0300000, 0x00000000e0300000|100%|HC|  |TAMS 0x00000000e0200000| PB 0x00000000e0200000| Complete 
|   3|0x00000000e0300000, 0x00000000e0400000, 0x00000000e0400000|100%|HC|  |TAMS 0x00000000e0300000| PB 0x00000000e0300000| Complete 
|   4|0x00000000e0400000, 0x00000000e0500000, 0x00000000e0500000|100%|HS|  |TAMS 0x00000000e0400000| PB 0x00000000e0400000| Complete 
|   5|0x00000000e0500000, 0x00000000e0600000, 0x00000000e0600000|100%| O|  |TAMS 0x00000000e0500000| PB 0x00000000e0500000| Untracked 
|   6|0x00000000e0600000, 0x00000000e0700000, 0x00000000e0700000|100%| O|  |TAMS 0x00000000e0600000| PB 0x00000000e0600000| Untracked 
|   7|0x00000000e0700000, 0x00000000e0800000, 0x00000000e0800000|100%| O|  |TAMS 0x00000000e0700000| PB 0x00000000e0700000| Untracked 
|   8|0x00000000e0800000, 0x00000000e0900000, 0x00000000e0900000|100%| O|Cm|TAMS 0x00000000e0800000| PB 0x00000000e0800000| Complete 
|   9|0x00000000e0900000, 0x00000000e0a00000, 0x00000000e0a00000|100%| O|  |TAMS 0x00000000e0900000| PB 0x00000000e0900000| Untracked 
|  10|0x00000000e0a00000, 0x00000000e0b00000, 0x00000000e0b00000|100%| O|  |TAMS 0x00000000e0a00000| PB 0x00000000e0a00000| Untracked 
|  11|0x00000000e0b00000, 0x00000000e0c00000, 0x00000000e0c00000|100%| O|  |TAMS 0x00000000e0b00000| PB 0x00000000e0b00000| Untracked 
|  12|0x00000000e0c00000, 0x00000000e0d00000, 0x00000000e0d00000|100%| O|  |TAMS 0x00000000e0c00000| PB 0x00000000e0c00000| Untracked 
|  13|0x00000000e0d00000, 0x00000000e0e00000, 0x00000000e0e00000|100%| O|  |TAMS 0x00000000e0d00000| PB 0x00000000e0d00000| Untracked 
|  14|0x00000000e0e00000, 0x00000000e0f00000, 0x00000000e0f00000|100%| O|  |TAMS 0x00000000e0e00000| PB 0x00000000e0e00000| Untracked 
|  15|0x00000000e0f00000, 0x00000000e1000000, 0x00000000e1000000|100%| O|  |TAMS 0x00000000e0f00000| PB 0x00000000e0f00000| Untracked 
|  16|0x00000000e1000000, 0x00000000e1100000, 0x00000000e1100000|100%| O|  |TAMS 0x00000000e1000000| PB 0x00000000e1000000| Untracked 
|  17|0x00000000e1100000, 0x00000000e1200000, 0x00000000e1200000|100%| O|  |TAMS 0x00000000e1100000| PB 0x00000000e1100000| Untracked 
|  18|0x00000000e1200000, 0x00000000e1240800, 0x00000000e1300000| 25%| O|  |TAMS 0x00000000e1200000| PB 0x00000000e1200000| Untracked 
|  19|0x00000000e1300000, 0x00000000e1400000, 0x00000000e1400000|100%|HS|  |TAMS 0x00000000e1300000| PB 0x00000000e1300000| Complete 
|  20|0x00000000e1400000, 0x00000000e1500000, 0x00000000e1500000|100%|HC|  |TAMS 0x00000000e1400000| PB 0x00000000e1400000| Complete 
|  21|0x00000000e1500000, 0x00000000e1600000, 0x00000000e1600000|100%|HC|  |TAMS 0x00000000e1500000| PB 0x00000000e1500000| Complete 
|  22|0x00000000e1600000, 0x00000000e1700000, 0x00000000e1700000|100%|HC|  |TAMS 0x00000000e1600000| PB 0x00000000e1600000| Complete 
|  23|0x00000000e1700000, 0x00000000e1800000, 0x00000000e1800000|100%|HC|  |TAMS 0x00000000e1700000| PB 0x00000000e1700000| Complete 
|  24|0x00000000e1800000, 0x00000000e1900000, 0x00000000e1900000|100%|HC|  |TAMS 0x00000000e1800000| PB 0x00000000e1800000| Complete 
|  25|0x00000000e1900000, 0x00000000e1900000, 0x00000000e1a00000|  0%| F|  |TAMS 0x00000000e1900000| PB 0x00000000e1900000| Untracked 
|  26|0x00000000e1a00000, 0x00000000e1a00000, 0x00000000e1b00000|  0%| F|  |TAMS 0x00000000e1a00000| PB 0x00000000e1a00000| Untracked 
|  27|0x00000000e1b00000, 0x00000000e1b00000, 0x00000000e1c00000|  0%| F|  |TAMS 0x00000000e1b00000| PB 0x00000000e1b00000| Untracked 
|  28|0x00000000e1c00000, 0x00000000e1c00000, 0x00000000e1d00000|  0%| F|  |TAMS 0x00000000e1c00000| PB 0x00000000e1c00000| Untracked 
|  29|0x00000000e1d00000, 0x00000000e1d00000, 0x00000000e1e00000|  0%| F|  |TAMS 0x00000000e1d00000| PB 0x00000000e1d00000| Untracked 
|  30|0x00000000e1e00000, 0x00000000e1e00000, 0x00000000e1f00000|  0%| F|  |TAMS 0x00000000e1e00000| PB 0x00000000e1e00000| Untracked 
|  31|0x00000000e1f00000, 0x00000000e1f00000, 0x00000000e2000000|  0%| F|  |TAMS 0x00000000e1f00000| PB 0x00000000e1f00000| Untracked 
|  32|0x00000000e2000000, 0x00000000e2000000, 0x00000000e2100000|  0%| F|  |TAMS 0x00000000e2000000| PB 0x00000000e2000000| Untracked 
|  33|0x00000000e2100000, 0x00000000e2100000, 0x00000000e2200000|  0%| F|  |TAMS 0x00000000e2100000| PB 0x00000000e2100000| Untracked 
|  34|0x00000000e2200000, 0x00000000e2200000, 0x00000000e2300000|  0%| F|  |TAMS 0x00000000e2200000| PB 0x00000000e2200000| Untracked 
|  35|0x00000000e2300000, 0x00000000e2300000, 0x00000000e2400000|  0%| F|  |TAMS 0x00000000e2300000| PB 0x00000000e2300000| Untracked 
|  36|0x00000000e2400000, 0x00000000e2400000, 0x00000000e2500000|  0%| F|  |TAMS 0x00000000e2400000| PB 0x00000000e2400000| Untracked 
|  37|0x00000000e2500000, 0x00000000e2500000, 0x00000000e2600000|  0%| F|  |TAMS 0x00000000e2500000| PB 0x00000000e2500000| Untracked 
|  38|0x00000000e2600000, 0x00000000e2600000, 0x00000000e2700000|  0%| F|  |TAMS 0x00000000e2600000| PB 0x00000000e2600000| Untracked 
|  39|0x00000000e2700000, 0x00000000e2700000, 0x00000000e2800000|  0%| F|  |TAMS 0x00000000e2700000| PB 0x00000000e2700000| Untracked 
|  40|0x00000000e2800000, 0x00000000e2800000, 0x00000000e2900000|  0%| F|  |TAMS 0x00000000e2800000| PB 0x00000000e2800000| Untracked 
|  41|0x00000000e2900000, 0x00000000e2900000, 0x00000000e2a00000|  0%| F|  |TAMS 0x00000000e2900000| PB 0x00000000e2900000| Untracked 
|  42|0x00000000e2a00000, 0x00000000e2a00000, 0x00000000e2b00000|  0%| F|  |TAMS 0x00000000e2a00000| PB 0x00000000e2a00000| Untracked 
|  43|0x00000000e2b00000, 0x00000000e2b00000, 0x00000000e2c00000|  0%| F|  |TAMS 0x00000000e2b00000| PB 0x00000000e2b00000| Untracked 
|  44|0x00000000e2c00000, 0x00000000e2c00000, 0x00000000e2d00000|  0%| F|  |TAMS 0x00000000e2c00000| PB 0x00000000e2c00000| Untracked 
|  45|0x00000000e2d00000, 0x00000000e2d00000, 0x00000000e2e00000|  0%| F|  |TAMS 0x00000000e2d00000| PB 0x00000000e2d00000| Untracked 
|  46|0x00000000e2e00000, 0x00000000e2e00000, 0x00000000e2f00000|  0%| F|  |TAMS 0x00000000e2e00000| PB 0x00000000e2e00000| Untracked 
|  47|0x00000000e2f00000, 0x00000000e2f00000, 0x00000000e3000000|  0%| F|  |TAMS 0x00000000e2f00000| PB 0x00000000e2f00000| Untracked 
|  48|0x00000000e3000000, 0x00000000e3000000, 0x00000000e3100000|  0%| F|  |TAMS 0x00000000e3000000| PB 0x00000000e3000000| Untracked 
|  49|0x00000000e3100000, 0x00000000e3100000, 0x00000000e3200000|  0%| F|  |TAMS 0x00000000e3100000| PB 0x00000000e3100000| Untracked 
|  50|0x00000000e3200000, 0x00000000e3200000, 0x00000000e3300000|  0%| F|  |TAMS 0x00000000e3200000| PB 0x00000000e3200000| Untracked 
|  51|0x00000000e3300000, 0x00000000e3300000, 0x00000000e3400000|  0%| F|  |TAMS 0x00000000e3300000| PB 0x00000000e3300000| Untracked 
|  52|0x00000000e3400000, 0x00000000e3400000, 0x00000000e3500000|  0%| F|  |TAMS 0x00000000e3400000| PB 0x00000000e3400000| Untracked 
|  53|0x00000000e3500000, 0x00000000e3500000, 0x00000000e3600000|  0%| F|  |TAMS 0x00000000e3500000| PB 0x00000000e3500000| Untracked 
|  54|0x00000000e3600000, 0x00000000e3600000, 0x00000000e3700000|  0%| F|  |TAMS 0x00000000e3600000| PB 0x00000000e3600000| Untracked 
|  55|0x00000000e3700000, 0x00000000e3700000, 0x00000000e3800000|  0%| F|  |TAMS 0x00000000e3700000| PB 0x00000000e3700000| Untracked 
|  56|0x00000000e3800000, 0x00000000e3800000, 0x00000000e3900000|  0%| F|  |TAMS 0x00000000e3800000| PB 0x00000000e3800000| Untracked 
|  57|0x00000000e3900000, 0x00000000e3900000, 0x00000000e3a00000|  0%| F|  |TAMS 0x00000000e3900000| PB 0x00000000e3900000| Untracked 
|  58|0x00000000e3a00000, 0x00000000e3a00000, 0x00000000e3b00000|  0%| F|  |TAMS 0x00000000e3a00000| PB 0x00000000e3a00000| Untracked 
|  59|0x00000000e3b00000, 0x00000000e3b00000, 0x00000000e3c00000|  0%| F|  |TAMS 0x00000000e3b00000| PB 0x00000000e3b00000| Untracked 
|  60|0x00000000e3c00000, 0x00000000e3c00000, 0x00000000e3d00000|  0%| F|  |TAMS 0x00000000e3c00000| PB 0x00000000e3c00000| Untracked 
|  61|0x00000000e3d00000, 0x00000000e3d00000, 0x00000000e3e00000|  0%| F|  |TAMS 0x00000000e3d00000| PB 0x00000000e3d00000| Untracked 
|  62|0x00000000e3e00000, 0x00000000e3e00000, 0x00000000e3f00000|  0%| F|  |TAMS 0x00000000e3e00000| PB 0x00000000e3e00000| Untracked 
|  63|0x00000000e3f00000, 0x00000000e3f00000, 0x00000000e4000000|  0%| F|  |TAMS 0x00000000e3f00000| PB 0x00000000e3f00000| Untracked 
|  64|0x00000000e4000000, 0x00000000e4000000, 0x00000000e4100000|  0%| F|  |TAMS 0x00000000e4000000| PB 0x00000000e4000000| Untracked 
|  65|0x00000000e4100000, 0x00000000e4100000, 0x00000000e4200000|  0%| F|  |TAMS 0x00000000e4100000| PB 0x00000000e4100000| Untracked 
|  66|0x00000000e4200000, 0x00000000e4200000, 0x00000000e4300000|  0%| F|  |TAMS 0x00000000e4200000| PB 0x00000000e4200000| Untracked 
|  67|0x00000000e4300000, 0x00000000e4300000, 0x00000000e4400000|  0%| F|  |TAMS 0x00000000e4300000| PB 0x00000000e4300000| Untracked 
|  68|0x00000000e4400000, 0x00000000e4400000, 0x00000000e4500000|  0%| F|  |TAMS 0x00000000e4400000| PB 0x00000000e4400000| Untracked 
|  69|0x00000000e4500000, 0x00000000e4500000, 0x00000000e4600000|  0%| F|  |TAMS 0x00000000e4500000| PB 0x00000000e4500000| Untracked 
|  70|0x00000000e4600000, 0x00000000e4600000, 0x00000000e4700000|  0%| F|  |TAMS 0x00000000e4600000| PB 0x00000000e4600000| Untracked 
|  71|0x00000000e4700000, 0x00000000e4700000, 0x00000000e4800000|  0%| F|  |TAMS 0x00000000e4700000| PB 0x00000000e4700000| Untracked 
|  72|0x00000000e4800000, 0x00000000e4800000, 0x00000000e4900000|  0%| F|  |TAMS 0x00000000e4800000| PB 0x00000000e4800000| Untracked 
|  73|0x00000000e4900000, 0x00000000e4900000, 0x00000000e4a00000|  0%| F|  |TAMS 0x00000000e4900000| PB 0x00000000e4900000| Untracked 
|  74|0x00000000e4a00000, 0x00000000e4a00000, 0x00000000e4b00000|  0%| F|  |TAMS 0x00000000e4a00000| PB 0x00000000e4a00000| Untracked 
|  75|0x00000000e4b00000, 0x00000000e4b00000, 0x00000000e4c00000|  0%| F|  |TAMS 0x00000000e4b00000| PB 0x00000000e4b00000| Untracked 
|  76|0x00000000e4c00000, 0x00000000e4c00000, 0x00000000e4d00000|  0%| F|  |TAMS 0x00000000e4c00000| PB 0x00000000e4c00000| Untracked 
|  77|0x00000000e4d00000, 0x00000000e4d00000, 0x00000000e4e00000|  0%| F|  |TAMS 0x00000000e4d00000| PB 0x00000000e4d00000| Untracked 
|  78|0x00000000e4e00000, 0x00000000e4e00000, 0x00000000e4f00000|  0%| F|  |TAMS 0x00000000e4e00000| PB 0x00000000e4e00000| Untracked 
|  79|0x00000000e4f00000, 0x00000000e4f00000, 0x00000000e5000000|  0%| F|  |TAMS 0x00000000e4f00000| PB 0x00000000e4f00000| Untracked 
|  80|0x00000000e5000000, 0x00000000e5000000, 0x00000000e5100000|  0%| F|  |TAMS 0x00000000e5000000| PB 0x00000000e5000000| Untracked 
|  81|0x00000000e5100000, 0x00000000e5100000, 0x00000000e5200000|  0%| F|  |TAMS 0x00000000e5100000| PB 0x00000000e5100000| Untracked 
|  82|0x00000000e5200000, 0x00000000e5200000, 0x00000000e5300000|  0%| F|  |TAMS 0x00000000e5200000| PB 0x00000000e5200000| Untracked 
|  83|0x00000000e5300000, 0x00000000e5300000, 0x00000000e5400000|  0%| F|  |TAMS 0x00000000e5300000| PB 0x00000000e5300000| Untracked 
|  84|0x00000000e5400000, 0x00000000e5400000, 0x00000000e5500000|  0%| F|  |TAMS 0x00000000e5400000| PB 0x00000000e5400000| Untracked 
|  85|0x00000000e5500000, 0x00000000e5500000, 0x00000000e5600000|  0%| F|  |TAMS 0x00000000e5500000| PB 0x00000000e5500000| Untracked 
|  86|0x00000000e5600000, 0x00000000e5600000, 0x00000000e5700000|  0%| F|  |TAMS 0x00000000e5600000| PB 0x00000000e5600000| Untracked 
|  87|0x00000000e5700000, 0x00000000e5700000, 0x00000000e5800000|  0%| F|  |TAMS 0x00000000e5700000| PB 0x00000000e5700000| Untracked 
|  88|0x00000000e5800000, 0x00000000e5800000, 0x00000000e5900000|  0%| F|  |TAMS 0x00000000e5800000| PB 0x00000000e5800000| Untracked 
|  89|0x00000000e5900000, 0x00000000e5900000, 0x00000000e5a00000|  0%| F|  |TAMS 0x00000000e5900000| PB 0x00000000e5900000| Untracked 
|  90|0x00000000e5a00000, 0x00000000e5a00000, 0x00000000e5b00000|  0%| F|  |TAMS 0x00000000e5a00000| PB 0x00000000e5a00000| Untracked 
|  91|0x00000000e5b00000, 0x00000000e5b00000, 0x00000000e5c00000|  0%| F|  |TAMS 0x00000000e5b00000| PB 0x00000000e5b00000| Untracked 
|  92|0x00000000e5c00000, 0x00000000e5c00000, 0x00000000e5d00000|  0%| F|  |TAMS 0x00000000e5c00000| PB 0x00000000e5c00000| Untracked 
|  93|0x00000000e5d00000, 0x00000000e5d00000, 0x00000000e5e00000|  0%| F|  |TAMS 0x00000000e5d00000| PB 0x00000000e5d00000| Untracked 
|  94|0x00000000e5e00000, 0x00000000e5e00000, 0x00000000e5f00000|  0%| F|  |TAMS 0x00000000e5e00000| PB 0x00000000e5e00000| Untracked 
|  95|0x00000000e5f00000, 0x00000000e5f00000, 0x00000000e6000000|  0%| F|  |TAMS 0x00000000e5f00000| PB 0x00000000e5f00000| Untracked 
|  96|0x00000000e6000000, 0x00000000e6000000, 0x00000000e6100000|  0%| F|  |TAMS 0x00000000e6000000| PB 0x00000000e6000000| Untracked 
|  97|0x00000000e6100000, 0x00000000e6100000, 0x00000000e6200000|  0%| F|  |TAMS 0x00000000e6100000| PB 0x00000000e6100000| Untracked 
|  98|0x00000000e6200000, 0x00000000e6200000, 0x00000000e6300000|  0%| F|  |TAMS 0x00000000e6200000| PB 0x00000000e6200000| Untracked 
|  99|0x00000000e6300000, 0x00000000e6300000, 0x00000000e6400000|  0%| F|  |TAMS 0x00000000e6300000| PB 0x00000000e6300000| Untracked 
| 100|0x00000000e6400000, 0x00000000e6400000, 0x00000000e6500000|  0%| F|  |TAMS 0x00000000e6400000| PB 0x00000000e6400000| Untracked 
| 101|0x00000000e6500000, 0x00000000e6500000, 0x00000000e6600000|  0%| F|  |TAMS 0x00000000e6500000| PB 0x00000000e6500000| Untracked 
| 102|0x00000000e6600000, 0x00000000e6600000, 0x00000000e6700000|  0%| F|  |TAMS 0x00000000e6600000| PB 0x00000000e6600000| Untracked 
| 103|0x00000000e6700000, 0x00000000e6700000, 0x00000000e6800000|  0%| F|  |TAMS 0x00000000e6700000| PB 0x00000000e6700000| Untracked 
| 104|0x00000000e6800000, 0x00000000e6800000, 0x00000000e6900000|  0%| F|  |TAMS 0x00000000e6800000| PB 0x00000000e6800000| Untracked 
| 105|0x00000000e6900000, 0x00000000e6900000, 0x00000000e6a00000|  0%| F|  |TAMS 0x00000000e6900000| PB 0x00000000e6900000| Untracked 
| 106|0x00000000e6a00000, 0x00000000e6a00000, 0x00000000e6b00000|  0%| F|  |TAMS 0x00000000e6a00000| PB 0x00000000e6a00000| Untracked 
| 107|0x00000000e6b00000, 0x00000000e6b00000, 0x00000000e6c00000|  0%| F|  |TAMS 0x00000000e6b00000| PB 0x00000000e6b00000| Untracked 
| 108|0x00000000e6c00000, 0x00000000e6c00000, 0x00000000e6d00000|  0%| F|  |TAMS 0x00000000e6c00000| PB 0x00000000e6c00000| Untracked 
| 109|0x00000000e6d00000, 0x00000000e6d00000, 0x00000000e6e00000|  0%| F|  |TAMS 0x00000000e6d00000| PB 0x00000000e6d00000| Untracked 
| 110|0x00000000e6e00000, 0x00000000e6e00000, 0x00000000e6f00000|  0%| F|  |TAMS 0x00000000e6e00000| PB 0x00000000e6e00000| Untracked 
| 111|0x00000000e6f00000, 0x00000000e6f00000, 0x00000000e7000000|  0%| F|  |TAMS 0x00000000e6f00000| PB 0x00000000e6f00000| Untracked 
| 112|0x00000000e7000000, 0x00000000e7000000, 0x00000000e7100000|  0%| F|  |TAMS 0x00000000e7000000| PB 0x00000000e7000000| Untracked 
| 113|0x00000000e7100000, 0x00000000e7100000, 0x00000000e7200000|  0%| F|  |TAMS 0x00000000e7100000| PB 0x00000000e7100000| Untracked 
| 114|0x00000000e7200000, 0x00000000e7200000, 0x00000000e7300000|  0%| F|  |TAMS 0x00000000e7200000| PB 0x00000000e7200000| Untracked 
| 115|0x00000000e7300000, 0x00000000e7300000, 0x00000000e7400000|  0%| F|  |TAMS 0x00000000e7300000| PB 0x00000000e7300000| Untracked 
| 116|0x00000000e7400000, 0x00000000e7400000, 0x00000000e7500000|  0%| F|  |TAMS 0x00000000e7400000| PB 0x00000000e7400000| Untracked 
| 117|0x00000000e7500000, 0x00000000e7500000, 0x00000000e7600000|  0%| F|  |TAMS 0x00000000e7500000| PB 0x00000000e7500000| Untracked 
| 118|0x00000000e7600000, 0x00000000e7600000, 0x00000000e7700000|  0%| F|  |TAMS 0x00000000e7600000| PB 0x00000000e7600000| Untracked 
| 119|0x00000000e7700000, 0x00000000e7700000, 0x00000000e7800000|  0%| F|  |TAMS 0x00000000e7700000| PB 0x00000000e7700000| Untracked 
| 120|0x00000000e7800000, 0x00000000e7800000, 0x00000000e7900000|  0%| F|  |TAMS 0x00000000e7800000| PB 0x00000000e7800000| Untracked 
| 121|0x00000000e7900000, 0x00000000e7900000, 0x00000000e7a00000|  0%| F|  |TAMS 0x00000000e7900000| PB 0x00000000e7900000| Untracked 
| 122|0x00000000e7a00000, 0x00000000e7a00000, 0x00000000e7b00000|  0%| F|  |TAMS 0x00000000e7a00000| PB 0x00000000e7a00000| Untracked 
| 123|0x00000000e7b00000, 0x00000000e7b00000, 0x00000000e7c00000|  0%| F|  |TAMS 0x00000000e7b00000| PB 0x00000000e7b00000| Untracked 
| 124|0x00000000e7c00000, 0x00000000e7c00000, 0x00000000e7d00000|  0%| F|  |TAMS 0x00000000e7c00000| PB 0x00000000e7c00000| Untracked 
| 125|0x00000000e7d00000, 0x00000000e7d00000, 0x00000000e7e00000|  0%| F|  |TAMS 0x00000000e7d00000| PB 0x00000000e7d00000| Untracked 
| 126|0x00000000e7e00000, 0x00000000e7e00000, 0x00000000e7f00000|  0%| F|  |TAMS 0x00000000e7e00000| PB 0x00000000e7e00000| Untracked 
| 127|0x00000000e7f00000, 0x00000000e7f00000, 0x00000000e8000000|  0%| F|  |TAMS 0x00000000e7f00000| PB 0x00000000e7f00000| Untracked 
| 128|0x00000000e8000000, 0x00000000e8000000, 0x00000000e8100000|  0%| F|  |TAMS 0x00000000e8000000| PB 0x00000000e8000000| Untracked 
| 129|0x00000000e8100000, 0x00000000e8100000, 0x00000000e8200000|  0%| F|  |TAMS 0x00000000e8100000| PB 0x00000000e8100000| Untracked 
| 130|0x00000000e8200000, 0x00000000e8200000, 0x00000000e8300000|  0%| F|  |TAMS 0x00000000e8200000| PB 0x00000000e8200000| Untracked 
| 131|0x00000000e8300000, 0x00000000e8300000, 0x00000000e8400000|  0%| F|  |TAMS 0x00000000e8300000| PB 0x00000000e8300000| Untracked 
| 132|0x00000000e8400000, 0x00000000e8400000, 0x00000000e8500000|  0%| F|  |TAMS 0x00000000e8400000| PB 0x00000000e8400000| Untracked 
| 133|0x00000000e8500000, 0x00000000e8500000, 0x00000000e8600000|  0%| F|  |TAMS 0x00000000e8500000| PB 0x00000000e8500000| Untracked 
| 134|0x00000000e8600000, 0x00000000e8600000, 0x00000000e8700000|  0%| F|  |TAMS 0x00000000e8600000| PB 0x00000000e8600000| Untracked 
| 135|0x00000000e8700000, 0x00000000e8700000, 0x00000000e8800000|  0%| F|  |TAMS 0x00000000e8700000| PB 0x00000000e8700000| Untracked 
| 136|0x00000000e8800000, 0x00000000e8800000, 0x00000000e8900000|  0%| F|  |TAMS 0x00000000e8800000| PB 0x00000000e8800000| Untracked 
| 137|0x00000000e8900000, 0x00000000e8900000, 0x00000000e8a00000|  0%| F|  |TAMS 0x00000000e8900000| PB 0x00000000e8900000| Untracked 
| 138|0x00000000e8a00000, 0x00000000e8a00000, 0x00000000e8b00000|  0%| F|  |TAMS 0x00000000e8a00000| PB 0x00000000e8a00000| Untracked 
| 139|0x00000000e8b00000, 0x00000000e8b00000, 0x00000000e8c00000|  0%| F|  |TAMS 0x00000000e8b00000| PB 0x00000000e8b00000| Untracked 
| 140|0x00000000e8c00000, 0x00000000e8c00000, 0x00000000e8d00000|  0%| F|  |TAMS 0x00000000e8c00000| PB 0x00000000e8c00000| Untracked 
| 141|0x00000000e8d00000, 0x00000000e8d00000, 0x00000000e8e00000|  0%| F|  |TAMS 0x00000000e8d00000| PB 0x00000000e8d00000| Untracked 
| 142|0x00000000e8e00000, 0x00000000e8e00000, 0x00000000e8f00000|  0%| F|  |TAMS 0x00000000e8e00000| PB 0x00000000e8e00000| Untracked 
| 143|0x00000000e8f00000, 0x00000000e8f00000, 0x00000000e9000000|  0%| F|  |TAMS 0x00000000e8f00000| PB 0x00000000e8f00000| Untracked 
| 144|0x00000000e9000000, 0x00000000e9000000, 0x00000000e9100000|  0%| F|  |TAMS 0x00000000e9000000| PB 0x00000000e9000000| Untracked 
| 145|0x00000000e9100000, 0x00000000e9100000, 0x00000000e9200000|  0%| F|  |TAMS 0x00000000e9100000| PB 0x00000000e9100000| Untracked 
| 146|0x00000000e9200000, 0x00000000e9200000, 0x00000000e9300000|  0%| F|  |TAMS 0x00000000e9200000| PB 0x00000000e9200000| Untracked 
| 147|0x00000000e9300000, 0x00000000e9300000, 0x00000000e9400000|  0%| F|  |TAMS 0x00000000e9300000| PB 0x00000000e9300000| Untracked 
| 148|0x00000000e9400000, 0x00000000e9400000, 0x00000000e9500000|  0%| F|  |TAMS 0x00000000e9400000| PB 0x00000000e9400000| Untracked 
| 149|0x00000000e9500000, 0x00000000e9500000, 0x00000000e9600000|  0%| F|  |TAMS 0x00000000e9500000| PB 0x00000000e9500000| Untracked 
| 150|0x00000000e9600000, 0x00000000e9600000, 0x00000000e9700000|  0%| F|  |TAMS 0x00000000e9600000| PB 0x00000000e9600000| Untracked 
| 151|0x00000000e9700000, 0x00000000e9700000, 0x00000000e9800000|  0%| F|  |TAMS 0x00000000e9700000| PB 0x00000000e9700000| Untracked 
| 152|0x00000000e9800000, 0x00000000e9800000, 0x00000000e9900000|  0%| F|  |TAMS 0x00000000e9800000| PB 0x00000000e9800000| Untracked 
| 153|0x00000000e9900000, 0x00000000e9900000, 0x00000000e9a00000|  0%| F|  |TAMS 0x00000000e9900000| PB 0x00000000e9900000| Untracked 
| 154|0x00000000e9a00000, 0x00000000e9a00000, 0x00000000e9b00000|  0%| F|  |TAMS 0x00000000e9a00000| PB 0x00000000e9a00000| Untracked 
| 155|0x00000000e9b00000, 0x00000000e9b00000, 0x00000000e9c00000|  0%| F|  |TAMS 0x00000000e9b00000| PB 0x00000000e9b00000| Untracked 
| 156|0x00000000e9c00000, 0x00000000e9c00000, 0x00000000e9d00000|  0%| F|  |TAMS 0x00000000e9c00000| PB 0x00000000e9c00000| Untracked 
| 157|0x00000000e9d00000, 0x00000000e9d00000, 0x00000000e9e00000|  0%| F|  |TAMS 0x00000000e9d00000| PB 0x00000000e9d00000| Untracked 
| 158|0x00000000e9e00000, 0x00000000e9ee4a80, 0x00000000e9f00000| 89%| S|CS|TAMS 0x00000000e9e00000| PB 0x00000000e9e00000| Complete 
| 159|0x00000000e9f00000, 0x00000000ea000000, 0x00000000ea000000|100%| S|CS|TAMS 0x00000000e9f00000| PB 0x00000000e9f00000| Complete 
| 160|0x00000000ea000000, 0x00000000ea100000, 0x00000000ea100000|100%| S|CS|TAMS 0x00000000ea000000| PB 0x00000000ea000000| Complete 
| 161|0x00000000ea100000, 0x00000000ea200000, 0x00000000ea200000|100%| S|CS|TAMS 0x00000000ea100000| PB 0x00000000ea100000| Complete 
| 162|0x00000000ea200000, 0x00000000ea300000, 0x00000000ea300000|100%| S|CS|TAMS 0x00000000ea200000| PB 0x00000000ea200000| Complete 
| 163|0x00000000ea300000, 0x00000000ea400000, 0x00000000ea400000|100%| S|CS|TAMS 0x00000000ea300000| PB 0x00000000ea300000| Complete 
| 164|0x00000000ea400000, 0x00000000ea500000, 0x00000000ea500000|100%| S|CS|TAMS 0x00000000ea400000| PB 0x00000000ea400000| Complete 
| 165|0x00000000ea500000, 0x00000000ea500000, 0x00000000ea600000|  0%| F|  |TAMS 0x00000000ea500000| PB 0x00000000ea500000| Untracked 
| 166|0x00000000ea600000, 0x00000000ea600000, 0x00000000ea700000|  0%| F|  |TAMS 0x00000000ea600000| PB 0x00000000ea600000| Untracked 
| 167|0x00000000ea700000, 0x00000000ea700000, 0x00000000ea800000|  0%| F|  |TAMS 0x00000000ea700000| PB 0x00000000ea700000| Untracked 
| 168|0x00000000ea800000, 0x00000000ea800000, 0x00000000ea900000|  0%| F|  |TAMS 0x00000000ea800000| PB 0x00000000ea800000| Untracked 
| 169|0x00000000ea900000, 0x00000000ea900000, 0x00000000eaa00000|  0%| F|  |TAMS 0x00000000ea900000| PB 0x00000000ea900000| Untracked 
| 170|0x00000000eaa00000, 0x00000000eaa00000, 0x00000000eab00000|  0%| F|  |TAMS 0x00000000eaa00000| PB 0x00000000eaa00000| Untracked 
| 171|0x00000000eab00000, 0x00000000eab00000, 0x00000000eac00000|  0%| F|  |TAMS 0x00000000eab00000| PB 0x00000000eab00000| Untracked 
| 172|0x00000000eac00000, 0x00000000eac00000, 0x00000000ead00000|  0%| F|  |TAMS 0x00000000eac00000| PB 0x00000000eac00000| Untracked 
| 173|0x00000000ead00000, 0x00000000ead00000, 0x00000000eae00000|  0%| F|  |TAMS 0x00000000ead00000| PB 0x00000000ead00000| Untracked 
| 174|0x00000000eae00000, 0x00000000eae00000, 0x00000000eaf00000|  0%| F|  |TAMS 0x00000000eae00000| PB 0x00000000eae00000| Untracked 
| 175|0x00000000eaf00000, 0x00000000eaf00000, 0x00000000eb000000|  0%| F|  |TAMS 0x00000000eaf00000| PB 0x00000000eaf00000| Untracked 
| 176|0x00000000eb000000, 0x00000000eb000000, 0x00000000eb100000|  0%| F|  |TAMS 0x00000000eb000000| PB 0x00000000eb000000| Untracked 
| 177|0x00000000eb100000, 0x00000000eb100000, 0x00000000eb200000|  0%| F|  |TAMS 0x00000000eb100000| PB 0x00000000eb100000| Untracked 
| 178|0x00000000eb200000, 0x00000000eb200000, 0x00000000eb300000|  0%| F|  |TAMS 0x00000000eb200000| PB 0x00000000eb200000| Untracked 
| 179|0x00000000eb300000, 0x00000000eb300000, 0x00000000eb400000|  0%| F|  |TAMS 0x00000000eb300000| PB 0x00000000eb300000| Untracked 
| 180|0x00000000eb400000, 0x00000000eb400000, 0x00000000eb500000|  0%| F|  |TAMS 0x00000000eb400000| PB 0x00000000eb400000| Untracked 
| 181|0x00000000eb500000, 0x00000000eb500000, 0x00000000eb600000|  0%| F|  |TAMS 0x00000000eb500000| PB 0x00000000eb500000| Untracked 
| 182|0x00000000eb600000, 0x00000000eb600000, 0x00000000eb700000|  0%| F|  |TAMS 0x00000000eb600000| PB 0x00000000eb600000| Untracked 
| 183|0x00000000eb700000, 0x00000000eb700000, 0x00000000eb800000|  0%| F|  |TAMS 0x00000000eb700000| PB 0x00000000eb700000| Untracked 
| 184|0x00000000eb800000, 0x00000000eb800000, 0x00000000eb900000|  0%| F|  |TAMS 0x00000000eb800000| PB 0x00000000eb800000| Untracked 
| 185|0x00000000eb900000, 0x00000000eb900000, 0x00000000eba00000|  0%| F|  |TAMS 0x00000000eb900000| PB 0x00000000eb900000| Untracked 
| 186|0x00000000eba00000, 0x00000000eba00000, 0x00000000ebb00000|  0%| F|  |TAMS 0x00000000eba00000| PB 0x00000000eba00000| Untracked 
| 187|0x00000000ebb00000, 0x00000000ebb00000, 0x00000000ebc00000|  0%| F|  |TAMS 0x00000000ebb00000| PB 0x00000000ebb00000| Untracked 
| 188|0x00000000ebc00000, 0x00000000ebc00000, 0x00000000ebd00000|  0%| F|  |TAMS 0x00000000ebc00000| PB 0x00000000ebc00000| Untracked 
| 189|0x00000000ebd00000, 0x00000000ebd00000, 0x00000000ebe00000|  0%| F|  |TAMS 0x00000000ebd00000| PB 0x00000000ebd00000| Untracked 
| 190|0x00000000ebe00000, 0x00000000ebe00000, 0x00000000ebf00000|  0%| F|  |TAMS 0x00000000ebe00000| PB 0x00000000ebe00000| Untracked 
| 191|0x00000000ebf00000, 0x00000000ebf00000, 0x00000000ec000000|  0%| F|  |TAMS 0x00000000ebf00000| PB 0x00000000ebf00000| Untracked 
| 192|0x00000000ec000000, 0x00000000ec000000, 0x00000000ec100000|  0%| F|  |TAMS 0x00000000ec000000| PB 0x00000000ec000000| Untracked 
| 193|0x00000000ec100000, 0x00000000ec100000, 0x00000000ec200000|  0%| F|  |TAMS 0x00000000ec100000| PB 0x00000000ec100000| Untracked 
| 194|0x00000000ec200000, 0x00000000ec200000, 0x00000000ec300000|  0%| F|  |TAMS 0x00000000ec200000| PB 0x00000000ec200000| Untracked 
| 195|0x00000000ec300000, 0x00000000ec300000, 0x00000000ec400000|  0%| F|  |TAMS 0x00000000ec300000| PB 0x00000000ec300000| Untracked 
| 196|0x00000000ec400000, 0x00000000ec400000, 0x00000000ec500000|  0%| F|  |TAMS 0x00000000ec400000| PB 0x00000000ec400000| Untracked 
| 197|0x00000000ec500000, 0x00000000ec500000, 0x00000000ec600000|  0%| F|  |TAMS 0x00000000ec500000| PB 0x00000000ec500000| Untracked 
| 198|0x00000000ec600000, 0x00000000ec600000, 0x00000000ec700000|  0%| F|  |TAMS 0x00000000ec600000| PB 0x00000000ec600000| Untracked 
| 199|0x00000000ec700000, 0x00000000ec700000, 0x00000000ec800000|  0%| F|  |TAMS 0x00000000ec700000| PB 0x00000000ec700000| Untracked 
| 200|0x00000000ec800000, 0x00000000ec800000, 0x00000000ec900000|  0%| F|  |TAMS 0x00000000ec800000| PB 0x00000000ec800000| Untracked 
| 201|0x00000000ec900000, 0x00000000ec900000, 0x00000000eca00000|  0%| F|  |TAMS 0x00000000ec900000| PB 0x00000000ec900000| Untracked 
| 202|0x00000000eca00000, 0x00000000eca00000, 0x00000000ecb00000|  0%| F|  |TAMS 0x00000000eca00000| PB 0x00000000eca00000| Untracked 
| 203|0x00000000ecb00000, 0x00000000ecb00000, 0x00000000ecc00000|  0%| F|  |TAMS 0x00000000ecb00000| PB 0x00000000ecb00000| Untracked 
| 204|0x00000000ecc00000, 0x00000000ecc00000, 0x00000000ecd00000|  0%| F|  |TAMS 0x00000000ecc00000| PB 0x00000000ecc00000| Untracked 
| 205|0x00000000ecd00000, 0x00000000ecd00000, 0x00000000ece00000|  0%| F|  |TAMS 0x00000000ecd00000| PB 0x00000000ecd00000| Untracked 
| 206|0x00000000ece00000, 0x00000000ece00000, 0x00000000ecf00000|  0%| F|  |TAMS 0x00000000ece00000| PB 0x00000000ece00000| Untracked 
| 207|0x00000000ecf00000, 0x00000000ecf00000, 0x00000000ed000000|  0%| F|  |TAMS 0x00000000ecf00000| PB 0x00000000ecf00000| Untracked 
| 208|0x00000000ed000000, 0x00000000ed000000, 0x00000000ed100000|  0%| F|  |TAMS 0x00000000ed000000| PB 0x00000000ed000000| Untracked 
| 209|0x00000000ed100000, 0x00000000ed100000, 0x00000000ed200000|  0%| F|  |TAMS 0x00000000ed100000| PB 0x00000000ed100000| Untracked 
| 210|0x00000000ed200000, 0x00000000ed200000, 0x00000000ed300000|  0%| F|  |TAMS 0x00000000ed200000| PB 0x00000000ed200000| Untracked 
| 211|0x00000000ed300000, 0x00000000ed300000, 0x00000000ed400000|  0%| F|  |TAMS 0x00000000ed300000| PB 0x00000000ed300000| Untracked 
| 212|0x00000000ed400000, 0x00000000ed400000, 0x00000000ed500000|  0%| F|  |TAMS 0x00000000ed400000| PB 0x00000000ed400000| Untracked 
| 213|0x00000000ed500000, 0x00000000ed500000, 0x00000000ed600000|  0%| F|  |TAMS 0x00000000ed500000| PB 0x00000000ed500000| Untracked 
| 214|0x00000000ed600000, 0x00000000ed600000, 0x00000000ed700000|  0%| F|  |TAMS 0x00000000ed600000| PB 0x00000000ed600000| Untracked 
| 215|0x00000000ed700000, 0x00000000ed700000, 0x00000000ed800000|  0%| F|  |TAMS 0x00000000ed700000| PB 0x00000000ed700000| Untracked 
| 216|0x00000000ed800000, 0x00000000ed800000, 0x00000000ed900000|  0%| F|  |TAMS 0x00000000ed800000| PB 0x00000000ed800000| Untracked 
| 217|0x00000000ed900000, 0x00000000ed900000, 0x00000000eda00000|  0%| F|  |TAMS 0x00000000ed900000| PB 0x00000000ed900000| Untracked 
| 218|0x00000000eda00000, 0x00000000eda00000, 0x00000000edb00000|  0%| F|  |TAMS 0x00000000eda00000| PB 0x00000000eda00000| Untracked 
| 219|0x00000000edb00000, 0x00000000edb00000, 0x00000000edc00000|  0%| F|  |TAMS 0x00000000edb00000| PB 0x00000000edb00000| Untracked 
| 220|0x00000000edc00000, 0x00000000edc00000, 0x00000000edd00000|  0%| F|  |TAMS 0x00000000edc00000| PB 0x00000000edc00000| Untracked 
| 221|0x00000000edd00000, 0x00000000edd00000, 0x00000000ede00000|  0%| F|  |TAMS 0x00000000edd00000| PB 0x00000000edd00000| Untracked 
| 222|0x00000000ede00000, 0x00000000ede00000, 0x00000000edf00000|  0%| F|  |TAMS 0x00000000ede00000| PB 0x00000000ede00000| Untracked 
| 223|0x00000000edf00000, 0x00000000edf00000, 0x00000000ee000000|  0%| F|  |TAMS 0x00000000edf00000| PB 0x00000000edf00000| Untracked 
| 224|0x00000000ee000000, 0x00000000ee000000, 0x00000000ee100000|  0%| F|  |TAMS 0x00000000ee000000| PB 0x00000000ee000000| Untracked 
| 225|0x00000000ee100000, 0x00000000ee1fcb40, 0x00000000ee200000| 98%| E|  |TAMS 0x00000000ee100000| PB 0x00000000ee100000| Complete 
| 226|0x00000000ee200000, 0x00000000ee300000, 0x00000000ee300000|100%| E|CS|TAMS 0x00000000ee200000| PB 0x00000000ee200000| Complete 
| 227|0x00000000ee300000, 0x00000000ee400000, 0x00000000ee400000|100%| E|CS|TAMS 0x00000000ee300000| PB 0x00000000ee300000| Complete 
| 228|0x00000000ee400000, 0x00000000ee500000, 0x00000000ee500000|100%| E|CS|TAMS 0x00000000ee400000| PB 0x00000000ee400000| Complete 
| 229|0x00000000ee500000, 0x00000000ee600000, 0x00000000ee600000|100%| E|CS|TAMS 0x00000000ee500000| PB 0x00000000ee500000| Complete 
| 230|0x00000000ee600000, 0x00000000ee700000, 0x00000000ee700000|100%| E|CS|TAMS 0x00000000ee600000| PB 0x00000000ee600000| Complete 
| 231|0x00000000ee700000, 0x00000000ee800000, 0x00000000ee800000|100%| E|CS|TAMS 0x00000000ee700000| PB 0x00000000ee700000| Complete 
| 232|0x00000000ee800000, 0x00000000ee900000, 0x00000000ee900000|100%| E|CS|TAMS 0x00000000ee800000| PB 0x00000000ee800000| Complete 
| 233|0x00000000ee900000, 0x00000000eea00000, 0x00000000eea00000|100%| E|CS|TAMS 0x00000000ee900000| PB 0x00000000ee900000| Complete 
| 234|0x00000000eea00000, 0x00000000eeb00000, 0x00000000eeb00000|100%| E|CS|TAMS 0x00000000eea00000| PB 0x00000000eea00000| Complete 
| 235|0x00000000eeb00000, 0x00000000eec00000, 0x00000000eec00000|100%| E|CS|TAMS 0x00000000eeb00000| PB 0x00000000eeb00000| Complete 
| 236|0x00000000eec00000, 0x00000000eed00000, 0x00000000eed00000|100%| E|CS|TAMS 0x00000000eec00000| PB 0x00000000eec00000| Complete 
| 237|0x00000000eed00000, 0x00000000eee00000, 0x00000000eee00000|100%| E|CS|TAMS 0x00000000eed00000| PB 0x00000000eed00000| Complete 
| 238|0x00000000eee00000, 0x00000000eef00000, 0x00000000eef00000|100%| E|CS|TAMS 0x00000000eee00000| PB 0x00000000eee00000| Complete 
| 239|0x00000000eef00000, 0x00000000ef000000, 0x00000000ef000000|100%| E|CS|TAMS 0x00000000eef00000| PB 0x00000000eef00000| Complete 
| 240|0x00000000ef000000, 0x00000000ef100000, 0x00000000ef100000|100%| E|CS|TAMS 0x00000000ef000000| PB 0x00000000ef000000| Complete 
| 241|0x00000000ef100000, 0x00000000ef200000, 0x00000000ef200000|100%| E|CS|TAMS 0x00000000ef100000| PB 0x00000000ef100000| Complete 
| 242|0x00000000ef200000, 0x00000000ef300000, 0x00000000ef300000|100%| E|CS|TAMS 0x00000000ef200000| PB 0x00000000ef200000| Complete 
| 243|0x00000000ef300000, 0x00000000ef400000, 0x00000000ef400000|100%| E|CS|TAMS 0x00000000ef300000| PB 0x00000000ef300000| Complete 
| 244|0x00000000ef400000, 0x00000000ef500000, 0x00000000ef500000|100%| E|CS|TAMS 0x00000000ef400000| PB 0x00000000ef400000| Complete 
| 245|0x00000000ef500000, 0x00000000ef600000, 0x00000000ef600000|100%| E|CS|TAMS 0x00000000ef500000| PB 0x00000000ef500000| Complete 
| 246|0x00000000ef600000, 0x00000000ef700000, 0x00000000ef700000|100%| E|CS|TAMS 0x00000000ef600000| PB 0x00000000ef600000| Complete 
| 247|0x00000000ef700000, 0x00000000ef800000, 0x00000000ef800000|100%| E|CS|TAMS 0x00000000ef700000| PB 0x00000000ef700000| Complete 
| 248|0x00000000ef800000, 0x00000000ef900000, 0x00000000ef900000|100%| E|CS|TAMS 0x00000000ef800000| PB 0x00000000ef800000| Complete 
| 249|0x00000000ef900000, 0x00000000efa00000, 0x00000000efa00000|100%| E|CS|TAMS 0x00000000ef900000| PB 0x00000000ef900000| Complete 
| 250|0x00000000efa00000, 0x00000000efb00000, 0x00000000efb00000|100%| E|CS|TAMS 0x00000000efa00000| PB 0x00000000efa00000| Complete 
| 251|0x00000000efb00000, 0x00000000efc00000, 0x00000000efc00000|100%| E|CS|TAMS 0x00000000efb00000| PB 0x00000000efb00000| Complete 
| 252|0x00000000efc00000, 0x00000000efd00000, 0x00000000efd00000|100%| E|CS|TAMS 0x00000000efc00000| PB 0x00000000efc00000| Complete 
| 253|0x00000000efd00000, 0x00000000efe00000, 0x00000000efe00000|100%| E|CS|TAMS 0x00000000efd00000| PB 0x00000000efd00000| Complete 
| 254|0x00000000efe00000, 0x00000000eff00000, 0x00000000eff00000|100%| E|CS|TAMS 0x00000000efe00000| PB 0x00000000efe00000| Complete 
| 255|0x00000000eff00000, 0x00000000f0000000, 0x00000000f0000000|100%| E|CS|TAMS 0x00000000eff00000| PB 0x00000000eff00000| Complete 

Card table byte_map: [0x0000014fa78f0000,0x0000014fa79f0000] _byte_map_base: 0x0000014fa71f0000

Marking Bits: (CMBitMap*) 0x0000014f93aa33f0
 Bits: [0x0000014fa79f0000, 0x0000014fa81f0000)

Polling page: 0x0000014f93820000

Metaspace:

Usage:
  Non-class:     32.78 MB used.
      Class:      5.11 MB used.
       Both:     37.89 MB used.

Virtual space:
  Non-class space:       64.00 MB reserved,      33.19 MB ( 52%) committed,  1 nodes.
      Class space:      320.00 MB reserved,       5.50 MB (  2%) committed,  1 nodes.
             Both:      384.00 MB reserved,      38.69 MB ( 10%) committed. 

Chunk freelists:
   Non-Class:  14.83 MB
       Class:  10.38 MB
        Both:  25.21 MB

MaxMetaspaceSize: 384.00 MB
CompressedClassSpaceSize: 320.00 MB
Initial GC threshold: 21.00 MB
Current GC threshold: 58.69 MB
CDS: off
 - commit_granule_bytes: 65536.
 - commit_granule_words: 8192.
 - virtual_space_node_default_size: 8388608.
 - enlarge_chunks_in_place: 1.
 - use_allocation_guard: 0.


Internal statistics:

num_allocs_failed_limit: 6.
num_arena_births: 1490.
num_arena_deaths: 0.
num_vsnodes_births: 2.
num_vsnodes_deaths: 0.
num_space_committed: 619.
num_space_uncommitted: 0.
num_chunks_returned_to_freelist: 6.
num_chunks_taken_from_freelist: 2808.
num_chunk_merges: 3.
num_chunk_splits: 1792.
num_chunks_enlarged: 1108.
num_inconsistent_stats: 0.

CodeHeap 'non-profiled nmethods': size=120000Kb used=1987Kb max_used=2185Kb free=118012Kb
 bounds [0x0000014f9fca0000, 0x0000014f9ff10000, 0x0000014fa71d0000]
CodeHeap 'profiled nmethods': size=120000Kb used=6757Kb max_used=7216Kb free=113242Kb
 bounds [0x0000014f981d0000, 0x0000014f988f0000, 0x0000014f9f700000]
CodeHeap 'non-nmethods': size=5760Kb used=1424Kb max_used=1444Kb free=4335Kb
 bounds [0x0000014f9f700000, 0x0000014f9f970000, 0x0000014f9fca0000]
CodeCache: size=245760Kb, used=10168Kb, max_used=10845Kb, free=235589Kb
 total_blobs=4061, nmethods=3463, adapters=501, full_count=0
Compilation: enabled, stopped_count=0, restarted_count=0

Compilation events (20 events):
Event: 96.522 Thread 0x0000014faaa7c6c0 nmethod 3944 0x0000014f982cbb10 code [0x0000014f982cbd00, 0x0000014f982cbfc8]
Event: 96.522 Thread 0x0000014faaa7c6c0 3945       3       java.net.URI::toLower (19 bytes)
Event: 96.522 Thread 0x0000014faaa7c6c0 nmethod 3945 0x0000014f982cb710 code [0x0000014f982cb8c0, 0x0000014f982cba40]
Event: 96.526 Thread 0x0000014faaa7c6c0 3946       3       java.net.URL::equals (27 bytes)
Event: 96.527 Thread 0x0000014faaa7c6c0 nmethod 3946 0x0000014f981ee910 code [0x0000014f981eeb20, 0x0000014f981ef248]
Event: 96.539 Thread 0x0000014faaa7c6c0 3947       3       java.net.URLStreamHandler::sameFile (136 bytes)
Event: 96.540 Thread 0x0000014faaa7c6c0 nmethod 3947 0x0000014f981edc90 code [0x0000014f981edec0, 0x0000014f981ee700]
Event: 96.582 Thread 0x0000014faaa7c6c0 3948       1       org.gradle.cache.internal.btree.BlockPointer::getPos (5 bytes)
Event: 96.582 Thread 0x0000014faaa7c6c0 nmethod 3948 0x0000014f9fd41790 code [0x0000014f9fd41920, 0x0000014f9fd419e8]
Event: 96.584 Thread 0x0000014faaa7c6c0 3949       1       org.gradle.cache.internal.btree.Block::getPayload (5 bytes)
Event: 96.584 Thread 0x0000014faaa7c6c0 nmethod 3949 0x0000014f9fd41490 code [0x0000014f9fd41620, 0x0000014f9fd416e8]
Event: 96.584 Thread 0x0000014faaa7c6c0 3950       3       java.util.concurrent.atomic.AtomicInteger::incrementAndGet (14 bytes)
Event: 96.585 Thread 0x0000014faaa7c6c0 nmethod 3950 0x0000014f982cb390 code [0x0000014f982cb520, 0x0000014f982cb640]
Event: 96.585 Thread 0x0000014faaa7c6c0 3951       3       org.gradle.cache.internal.btree.BlockPointer::hashCode (8 bytes)
Event: 96.586 Thread 0x0000014faaa7c6c0 nmethod 3951 0x0000014f982cae90 code [0x0000014f982cb040, 0x0000014f982cb180]
Event: 96.586 Thread 0x0000014faaa7c6c0 3952       3       com.google.common.primitives.Longs::hashCode (8 bytes)
Event: 96.586 Thread 0x0000014faaa7c6c0 nmethod 3952 0x0000014f98642690 code [0x0000014f98642820, 0x0000014f98642918]
Event: 96.607 Thread 0x0000014faa9f5cb0 3953       4       java.io.RandomAccessFile::readFully (45 bytes)
Event: 96.608 Thread 0x0000014faa9f5cb0 nmethod 3953 0x0000014f9fd41110 code [0x0000014f9fd412a0, 0x0000014f9fd41398]
Event: 96.662 Thread 0x0000014faa9f5cb0 3954 %     4       java.util.zip.ZipFile$Source::initCEN @ 261 (612 bytes)

GC Heap History (10 events):
Event: 3.969 GC heap before
{Heap before GC invocations=0 (full 0):
 garbage-first heap   total 262144K, used 13312K [0x00000000e0000000, 0x0000000100000000)
  region size 1024K, 13 young (13312K), 0 survivors (0K)
 Metaspace       used 7801K, committed 7936K, reserved 393216K
  class space    used 734K, committed 768K, reserved 327680K
}
Event: 3.975 GC heap after
{Heap after GC invocations=1 (full 0):
 garbage-first heap   total 262144K, used 1024K [0x00000000e0000000, 0x0000000100000000)
  region size 1024K, 1 young (1024K), 1 survivors (1024K)
 Metaspace       used 7801K, committed 7936K, reserved 393216K
  class space    used 734K, committed 768K, reserved 327680K
}
Event: 5.193 GC heap before
{Heap before GC invocations=1 (full 0):
 garbage-first heap   total 262144K, used 24576K [0x00000000e0000000, 0x0000000100000000)
  region size 1024K, 25 young (25600K), 1 survivors (1024K)
 Metaspace       used 7957K, committed 8064K, reserved 393216K
  class space    used 734K, committed 768K, reserved 327680K
}
Event: 5.200 GC heap after
{Heap after GC invocations=2 (full 0):
 garbage-first heap   total 262144K, used 1536K [0x00000000e0000000, 0x0000000100000000)
  region size 1024K, 2 young (2048K), 2 survivors (2048K)
 Metaspace       used 7957K, committed 8064K, reserved 393216K
  class space    used 734K, committed 768K, reserved 327680K
}
Event: 17.385 GC heap before
{Heap before GC invocations=2 (full 0):
 garbage-first heap   total 262144K, used 161280K [0x00000000e0000000, 0x0000000100000000)
  region size 1024K, 153 young (156672K), 2 survivors (2048K)
 Metaspace       used 16476K, committed 16768K, reserved 393216K
  class space    used 1896K, committed 2048K, reserved 327680K
}
Event: 17.404 GC heap after
{Heap after GC invocations=3 (full 0):
 garbage-first heap   total 262144K, used 19519K [0x00000000e0000000, 0x0000000100000000)
  region size 1024K, 15 young (15360K), 15 survivors (15360K)
 Metaspace       used 16476K, committed 16768K, reserved 393216K
  class space    used 1896K, committed 2048K, reserved 327680K
}
Event: 33.089 GC heap before
{Heap before GC invocations=3 (full 0):
 garbage-first heap   total 262144K, used 35903K [0x00000000e0000000, 0x0000000100000000)
  region size 1024K, 32 young (32768K), 15 survivors (15360K)
 Metaspace       used 21271K, committed 21504K, reserved 393216K
  class space    used 2493K, committed 2624K, reserved 327680K
}
Event: 33.120 GC heap after
{Heap after GC invocations=4 (full 0):
 garbage-first heap   total 262144K, used 21452K [0x00000000e0000000, 0x0000000100000000)
  region size 1024K, 3 young (3072K), 3 survivors (3072K)
 Metaspace       used 21271K, committed 21504K, reserved 393216K
  class space    used 2493K, committed 2624K, reserved 327680K
}
Event: 57.625 GC heap before
{Heap before GC invocations=5 (full 0):
 garbage-first heap   total 262144K, used 111564K [0x00000000e0000000, 0x0000000100000000)
  region size 1024K, 91 young (93184K), 3 survivors (3072K)
 Metaspace       used 35305K, committed 35968K, reserved 393216K
  class space    used 4599K, committed 4928K, reserved 327680K
}
Event: 57.686 GC heap after
{Heap after GC invocations=6 (full 0):
 garbage-first heap   total 262144K, used 25748K [0x00000000e0000000, 0x0000000100000000)
  region size 1024K, 7 young (7168K), 7 survivors (7168K)
 Metaspace       used 35305K, committed 35968K, reserved 393216K
  class space    used 4599K, committed 4928K, reserved 327680K
}

Dll operation events (3 events):
Event: 0.086 Loaded shared library C:\Program Files\Android\Android Studio1\jbr\bin\java.dll
Event: 0.206 Loaded shared library C:\Program Files\Android\Android Studio1\jbr\bin\zip.dll
Event: 7.247 Loaded shared library C:\Program Files\Android\Android Studio1\jbr\bin\verify.dll

Deoptimization events (20 events):
Event: 95.561 Thread 0x0000014fafde8ae0 Uncommon trap: trap_request=0xffffffde fr.pc=0x0000014f9fda64bc relative=0x0000000000000adc
Event: 95.561 Thread 0x0000014fafde8ae0 Uncommon trap: reason=class_check action=maybe_recompile pc=0x0000014f9fda64bc method=java.io.BufferedInputStream.implRead([BII)I @ 100 c2
Event: 95.561 Thread 0x0000014fafde8ae0 DEOPT PACKING pc=0x0000014f9fda64bc sp=0x0000003f4a7fdef0
Event: 95.561 Thread 0x0000014fafde8ae0 DEOPT UNPACKING pc=0x0000014f9f7543a2 sp=0x0000003f4a7fdeb8 mode 2
Event: 96.041 Thread 0x0000014fafde8ae0 Uncommon trap: trap_request=0xffffffde fr.pc=0x0000014f9fda64bc relative=0x0000000000000adc
Event: 96.041 Thread 0x0000014fafde8ae0 Uncommon trap: reason=class_check action=maybe_recompile pc=0x0000014f9fda64bc method=java.io.BufferedInputStream.implRead([BII)I @ 100 c2
Event: 96.041 Thread 0x0000014fafde8ae0 DEOPT PACKING pc=0x0000014f9fda64bc sp=0x0000003f4a7fdef0
Event: 96.041 Thread 0x0000014fafde8ae0 DEOPT UNPACKING pc=0x0000014f9f7543a2 sp=0x0000003f4a7fdeb8 mode 2
Event: 96.080 Thread 0x0000014fafde8ae0 Uncommon trap: trap_request=0xffffffde fr.pc=0x0000014f9fda64bc relative=0x0000000000000adc
Event: 96.080 Thread 0x0000014fafde8ae0 Uncommon trap: reason=class_check action=maybe_recompile pc=0x0000014f9fda64bc method=java.io.BufferedInputStream.implRead([BII)I @ 100 c2
Event: 96.080 Thread 0x0000014fafde8ae0 DEOPT PACKING pc=0x0000014f9fda64bc sp=0x0000003f4a7fdef0
Event: 96.080 Thread 0x0000014fafde8ae0 DEOPT UNPACKING pc=0x0000014f9f7543a2 sp=0x0000003f4a7fdeb8 mode 2
Event: 96.089 Thread 0x0000014fafde8ae0 Uncommon trap: trap_request=0xffffffde fr.pc=0x0000014f9fda64bc relative=0x0000000000000adc
Event: 96.090 Thread 0x0000014fafde8ae0 Uncommon trap: reason=class_check action=maybe_recompile pc=0x0000014f9fda64bc method=java.io.BufferedInputStream.implRead([BII)I @ 100 c2
Event: 96.090 Thread 0x0000014fafde8ae0 DEOPT PACKING pc=0x0000014f9fda64bc sp=0x0000003f4a7fdfc0
Event: 96.090 Thread 0x0000014fafde8ae0 DEOPT UNPACKING pc=0x0000014f9f7543a2 sp=0x0000003f4a7fdf88 mode 2
Event: 96.542 Thread 0x0000014faac5b620 Uncommon trap: trap_request=0xffffffc6 fr.pc=0x0000014f9fe4791c relative=0x0000000000004cfc
Event: 96.542 Thread 0x0000014faac5b620 Uncommon trap: reason=bimorphic_or_optimized_type_check action=maybe_recompile pc=0x0000014f9fe4791c method=java.lang.ClassLoader.loadClass(Ljava/lang/String;Z)Ljava/lang/Class; @ 38 c2
Event: 96.542 Thread 0x0000014faac5b620 DEOPT PACKING pc=0x0000014f9fe4791c sp=0x0000003f4a1fc0c0
Event: 96.542 Thread 0x0000014faac5b620 DEOPT UNPACKING pc=0x0000014f9f7543a2 sp=0x0000003f4a1fc0f0 mode 2

Classes loaded (20 events):
Event: 92.655 Loading class java/util/stream/SliceOps
Event: 92.660 Loading class java/util/stream/SliceOps done
Event: 92.661 Loading class java/util/stream/SliceOps$1
Event: 92.665 Loading class java/util/stream/ReferencePipeline$StatefulOp
Event: 92.667 Loading class java/util/stream/ReferencePipeline$StatefulOp done
Event: 92.667 Loading class java/util/stream/SliceOps$1 done
Event: 92.683 Loading class java/util/stream/SliceOps$1$1
Event: 92.685 Loading class java/util/stream/SliceOps$1$1 done
Event: 93.909 Loading class java/util/concurrent/TimeoutException
Event: 93.912 Loading class java/util/concurrent/TimeoutException done
Event: 93.912 Loading class java/util/concurrent/CancellationException
Event: 93.914 Loading class java/util/concurrent/CancellationException done
Event: 94.103 Loading class java/util/concurrent/locks/AbstractQueuedSynchronizer$SharedNode
Event: 94.104 Loading class java/util/concurrent/locks/AbstractQueuedSynchronizer$SharedNode done
Event: 94.168 Loading class java/util/ArrayDeque$DeqSpliterator
Event: 94.172 Loading class java/util/ArrayDeque$DeqSpliterator done
Event: 94.583 Loading class java/nio/charset/CharacterCodingException
Event: 94.586 Loading class java/nio/charset/CharacterCodingException done
Event: 94.821 Loading class java/lang/Short$ShortCache
Event: 94.824 Loading class java/lang/Short$ShortCache done

Classes unloaded (0 events):
No events

Classes redefined (0 events):
No events

Internal exceptions (20 events):
Event: 81.537 Thread 0x0000014fafdbb170 Exception <a 'sun/nio/fs/WindowsException'{0x00000000ef87bbf8}> (0x00000000ef87bbf8) 
thrown [s\src\hotspot\share\prims\jni.cpp, line 537]
Event: 87.359 Thread 0x0000014faac5b620 Exception <a 'java/lang/NoSuchMethodError'{0x00000000ef47cf18}: 'java.lang.Object java.lang.invoke.DirectMethodHandle$Holder.invokeStaticInit(java.lang.Object, java.lang.Object, java.lang.Object, java.lang.Object)'> (0x00000000ef47cf18) 
thrown [s\src\hotspot\share\interpreter\linkResolver.cpp, line 784]
Event: 90.317 Thread 0x0000014fafdbb170 Exception <a 'sun/nio/fs/WindowsException'{0x00000000ef883a38}> (0x00000000ef883a38) 
thrown [s\src\hotspot\share\prims\jni.cpp, line 537]
Event: 90.325 Thread 0x0000014fafdbb170 Exception <a 'sun/nio/fs/WindowsException'{0x00000000ef889f90}> (0x00000000ef889f90) 
thrown [s\src\hotspot\share\prims\jni.cpp, line 537]
Event: 90.326 Thread 0x0000014fafdbb170 Exception <a 'sun/nio/fs/WindowsException'{0x00000000ef88b7c0}> (0x00000000ef88b7c0) 
thrown [s\src\hotspot\share\prims\jni.cpp, line 537]
Event: 91.827 Thread 0x0000014faac5b620 Exception <a 'java/lang/NoSuchMethodError'{0x00000000ef11fcc0}: 'java.lang.Object java.lang.invoke.DirectMethodHandle$Holder.invokeVirtual(java.lang.Object, java.lang.Object, java.lang.Object, java.lang.Object, java.lang.Object, java.lang.Object, java.lang.Object, java.lang.Object, java.lang.Object, java.lang.Object, java.lang.Object, java.lang.Object, java.lang.Object)'> (0x00000000ef11fcc0) 
thrown [s\src\hotspot\share\interpreter\linkResolver.cpp, line 784]
Event: 91.827 Thread 0x0000014faac5b620 Exception <a 'java/lang/NoSuchMethodError'{0x00000000ef124ef8}: 'java.lang.Object java.lang.invoke.DirectMethodHandle$Holder.invokeSpecial(java.lang.Object, java.lang.Object, java.lang.Object, java.lang.Object, java.lang.Object, java.lang.Object, java.lang.Object, java.lang.Object, java.lang.Object, java.lang.Object, java.lang.Object, java.lang.Object, java.lang.Object, java.lang.Object)'> (0x00000000ef124ef8) 
thrown [s\src\hotspot\share\interpreter\linkResolver.cpp, line 784]
Event: 91.828 Thread 0x0000014faac5b620 Exception <a 'java/lang/NoSuchMethodError'{0x00000000ef129c48}: 'java.lang.Object java.lang.invoke.DelegatingMethodHandle$Holder.reinvoke_L(java.lang.Object, java.lang.Object, java.lang.Object, java.lang.Object, java.lang.Object, java.lang.Object, java.lang.Object, java.lang.Object, java.lang.Object, java.lang.Object, java.lang.Object, java.lang.Object, java.lang.Object)'> (0x00000000ef129c48) 
thrown [s\src\hotspot\share\interpreter\linkResolver.cpp, line 784]
Event: 92.163 Thread 0x0000014faac5b620 Exception <a 'java/lang/NoSuchMethodError'{0x00000000eef16438}: 'java.lang.Object java.lang.invoke.DirectMethodHandle$Holder.newInvokeSpecial(java.lang.Object, java.lang.Object, java.lang.Object, java.lang.Object, java.lang.Object, java.lang.Object, java.lang.Object, java.lang.Object)'> (0x00000000eef16438) 
thrown [s\src\hotspot\share\interpreter\linkResolver.cpp, line 784]
Event: 92.274 Thread 0x0000014faac5b620 Exception <a 'java/lang/NoSuchMethodError'{0x00000000eee4f558}: 'java.lang.Object java.lang.invoke.DirectMethodHandle$Holder.newInvokeSpecial(java.lang.Object, java.lang.Object, java.lang.Object, java.lang.Object, java.lang.Object, java.lang.Object, java.lang.Object, java.lang.Object, java.lang.Object, java.lang.Object, java.lang.Object, java.lang.Object)'> (0x00000000eee4f558) 
thrown [s\src\hotspot\share\interpreter\linkResolver.cpp, line 784]
Event: 93.874 Thread 0x0000014faac5b620 Exception <a 'sun/nio/fs/WindowsException'{0x00000000eebf7720}> (0x00000000eebf7720) 
thrown [s\src\hotspot\share\prims\jni.cpp, line 537]
Event: 93.878 Thread 0x0000014faac5b620 Exception <a 'java/lang/IncompatibleClassChangeError'{0x00000000eea09280}: Found class java.lang.Object, but interface was expected> (0x00000000eea09280) 
thrown [s\src\hotspot\share\interpreter\linkResolver.cpp, line 851]
Event: 93.883 Thread 0x0000014faac5b620 Exception <a 'sun/nio/fs/WindowsException'{0x00000000eea0c100}> (0x00000000eea0c100) 
thrown [s\src\hotspot\share\prims\jni.cpp, line 537]
Event: 94.888 Thread 0x0000014faac5b620 Exception <a 'sun/nio/fs/WindowsException'{0x00000000ee7ae3c0}> (0x00000000ee7ae3c0) 
thrown [s\src\hotspot\share\prims\jni.cpp, line 537]
Event: 94.936 Thread 0x0000014faac5b620 Exception <a 'java/lang/NoSuchMethodError'{0x00000000ee7fd570}: 'java.lang.Object java.lang.invoke.DirectMethodHandle$Holder.newInvokeSpecial(java.lang.Object, java.lang.Object, long)'> (0x00000000ee7fd570) 
thrown [s\src\hotspot\share\interpreter\linkResolver.cpp, line 784]
Event: 94.937 Thread 0x0000014faac5b620 Exception <a 'java/lang/NoSuchMethodError'{0x00000000ee601930}: 'java.lang.Object java.lang.invoke.Invokers$Holder.linkToTargetMethod(java.lang.Object, long, java.lang.Object)'> (0x00000000ee601930) 
thrown [s\src\hotspot\share\interpreter\linkResolver.cpp, line 784]
Event: 95.842 Thread 0x0000014faac5b620 Exception <a 'java/lang/NoSuchMethodError'{0x00000000ee55f940}: 'int java.lang.invoke.DirectMethodHandle$Holder.invokeInterface(java.lang.Object, java.lang.Object)'> (0x00000000ee55f940) 
thrown [s\src\hotspot\share\interpreter\linkResolver.cpp, line 784]
Event: 95.958 Thread 0x0000014faac5b620 Exception <a 'java/lang/NoSuchMethodError'{0x00000000ee583170}: 'java.lang.Object java.lang.invoke.DirectMethodHandle$Holder.invokeStatic(java.lang.Object, java.lang.Object, int, java.lang.Object)'> (0x00000000ee583170) 
thrown [s\src\hotspot\share\interpreter\linkResolver.cpp, line 784]
Event: 95.960 Thread 0x0000014faac5b620 Exception <a 'java/lang/NoSuchMethodError'{0x00000000ee58a068}: 'java.lang.Object java.lang.invoke.DirectMethodHandle$Holder.newInvokeSpecial(java.lang.Object, java.lang.Object, int, java.lang.Object)'> (0x00000000ee58a068) 
thrown [s\src\hotspot\share\interpreter\linkResolver.cpp, line 784]
Event: 95.967 Thread 0x0000014faac5b620 Exception <a 'java/lang/NoSuchMethodError'{0x00000000ee58e560}: 'java.lang.Object java.lang.invoke.DirectMethodHandle$Holder.invokeSpecial(java.lang.Object, java.lang.Object, java.lang.Object, int, java.lang.Object)'> (0x00000000ee58e560) 
thrown [s\src\hotspot\share\interpreter\linkResolver.cpp, line 784]

ZGC Phase Switch (0 events):
No events

VM Operations (20 events):
Event: 78.775 Executing VM operation: Cleanup
Event: 81.620 Executing VM operation: Cleanup done
Event: 82.801 Executing VM operation: Cleanup
Event: 86.027 Executing VM operation: Cleanup done
Event: 87.039 Executing VM operation: Cleanup
Event: 87.346 Executing VM operation: Cleanup done
Event: 91.398 Executing VM operation: Cleanup
Event: 91.529 Executing VM operation: Cleanup done
Event: 92.534 Executing VM operation: Cleanup
Event: 92.645 Executing VM operation: Cleanup done
Event: 92.670 Executing VM operation: HandshakeAllThreads (Deoptimize)
Event: 92.670 Executing VM operation: HandshakeAllThreads (Deoptimize) done
Event: 93.673 Executing VM operation: Cleanup
Event: 93.689 Executing VM operation: Cleanup done
Event: 94.708 Executing VM operation: Cleanup
Event: 94.816 Executing VM operation: Cleanup done
Event: 95.152 Executing VM operation: HandshakeAllThreads (Deoptimize)
Event: 95.152 Executing VM operation: HandshakeAllThreads (Deoptimize) done
Event: 96.164 Executing VM operation: Cleanup
Event: 96.164 Executing VM operation: Cleanup done

Memory protections (0 events):
No events

Nmethod flushes (20 events):
Event: 57.797 Thread 0x0000014faa82ec00 flushing  nmethod 0x0000014f983b2f10
Event: 57.797 Thread 0x0000014faa82ec00 flushing  nmethod 0x0000014f983bc310
Event: 57.797 Thread 0x0000014faa82ec00 flushing  nmethod 0x0000014f98403910
Event: 57.797 Thread 0x0000014faa82ec00 flushing  nmethod 0x0000014f98404290
Event: 57.797 Thread 0x0000014faa82ec00 flushing  nmethod 0x0000014f9842bb10
Event: 57.797 Thread 0x0000014faa82ec00 flushing  nmethod 0x0000014f9842c410
Event: 57.797 Thread 0x0000014faa82ec00 flushing  nmethod 0x0000014f9843fd90
Event: 57.797 Thread 0x0000014faa82ec00 flushing  nmethod 0x0000014f9848ca10
Event: 57.797 Thread 0x0000014faa82ec00 flushing  nmethod 0x0000014f98495e10
Event: 57.797 Thread 0x0000014faa82ec00 flushing  nmethod 0x0000014f984e8b10
Event: 57.797 Thread 0x0000014faa82ec00 flushing  nmethod 0x0000014f984e9790
Event: 57.797 Thread 0x0000014faa82ec00 flushing  nmethod 0x0000014f984ed110
Event: 57.797 Thread 0x0000014faa82ec00 flushing  nmethod 0x0000014f98586010
Event: 57.797 Thread 0x0000014faa82ec00 flushing  nmethod 0x0000014f98599410
Event: 57.797 Thread 0x0000014faa82ec00 flushing  nmethod 0x0000014f98684d10
Event: 57.797 Thread 0x0000014faa82ec00 flushing  nmethod 0x0000014f9869a490
Event: 57.797 Thread 0x0000014faa82ec00 flushing  nmethod 0x0000014f986bbe90
Event: 57.797 Thread 0x0000014faa82ec00 flushing  nmethod 0x0000014f986e0710
Event: 57.797 Thread 0x0000014faa82ec00 flushing  nmethod 0x0000014f986e1110
Event: 57.797 Thread 0x0000014faa82ec00 flushing  nmethod 0x0000014f986e4490

Events (20 events):
Event: 33.382 Thread 0x0000014fb03e9730 Thread added: 0x0000014fafbf0b70
Event: 33.437 Thread 0x0000014fb03e9730 Thread added: 0x0000014faac5b620
Event: 33.578 Thread 0x0000014faac5b620 Thread added: 0x0000014fafde6a10
Event: 33.597 Thread 0x0000014faac5b620 Thread added: 0x0000014fafde7dc0
Event: 33.769 Thread 0x0000014faac5b620 Thread added: 0x0000014fafde8450
Event: 39.066 Thread 0x0000014faac5b620 Thread added: 0x0000014fafde70a0
Event: 39.158 Thread 0x0000014faac5b620 Thread added: 0x0000014fafde7730
Event: 39.802 Thread 0x0000014faac5b620 Thread added: 0x0000014fafde8ae0
Event: 41.947 Thread 0x0000014faaa7c6c0 Thread added: 0x0000014fb0787800
Event: 42.624 Thread 0x0000014fb0787800 Thread exited: 0x0000014fb0787800
Event: 60.085 Thread 0x0000014faac5b620 Thread added: 0x0000014fb29a5520
Event: 65.571 Thread 0x0000014faac5b620 Thread added: 0x0000014fb29a89a0
Event: 94.103 Thread 0x0000014faac5b620 Thread added: 0x0000014fb29a5bb0
Event: 94.144 Thread 0x0000014faac5b620 Thread added: 0x0000014fb29a9030
Event: 95.420 Thread 0x0000014faa9f5cb0 Thread added: 0x0000014faad302b0
Event: 95.781 Thread 0x0000014faad302b0 Thread exited: 0x0000014faad302b0
Event: 96.376 Thread 0x0000014faac5b620 Thread added: 0x0000014fb29a7c80
Event: 96.376 Thread 0x0000014faac5b620 Thread added: 0x0000014fb29a6240
Event: 96.377 Thread 0x0000014faac5b620 Thread added: 0x0000014fb29a9d50
Event: 96.377 Thread 0x0000014faac5b620 Thread added: 0x0000014fb29a8310


Dynamic libraries:
0x00007ff620600000 - 0x00007ff62060a000 	C:\Program Files\Android\Android Studio1\jbr\bin\java.exe
0x00007ffbd6480000 - 0x00007ffbd66e7000 	C:\WINDOWS\SYSTEM32\ntdll.dll
0x00007ffbd4700000 - 0x00007ffbd47c9000 	C:\WINDOWS\System32\KERNEL32.DLL
0x00007ffbd3e20000 - 0x00007ffbd4211000 	C:\WINDOWS\System32\KERNELBASE.dll
0x00007ffbd3ac0000 - 0x00007ffbd3c0b000 	C:\WINDOWS\System32\ucrtbase.dll
0x00007ffb9fc70000 - 0x00007ffb9fc8b000 	C:\Program Files\Android\Android Studio1\jbr\bin\VCRUNTIME140.dll
0x00007ffbd0660000 - 0x00007ffbd0678000 	C:\Program Files\Android\Android Studio1\jbr\bin\jli.dll
0x00007ffbd6260000 - 0x00007ffbd6425000 	C:\WINDOWS\System32\USER32.dll
0x00007ffbd3c10000 - 0x00007ffbd3c37000 	C:\WINDOWS\System32\win32u.dll
0x00007ffbd4be0000 - 0x00007ffbd4c0b000 	C:\WINDOWS\System32\GDI32.dll
0x00007ffbd3cf0000 - 0x00007ffbd3e1b000 	C:\WINDOWS\System32\gdi32full.dll
0x00007ffbd3a10000 - 0x00007ffbd3ab3000 	C:\WINDOWS\System32\msvcp_win.dll
0x00007ffbba110000 - 0x00007ffbba3a3000 	C:\WINDOWS\WinSxS\amd64_microsoft.windows.common-controls_6595b64144ccf1df_6.0.26100.8037_none_3e092faae333b53b\COMCTL32.dll
0x00007ffbd61b0000 - 0x00007ffbd6259000 	C:\WINDOWS\System32\msvcrt.dll
0x00007ffbd5f50000 - 0x00007ffbd5f81000 	C:\WINDOWS\System32\IMM32.DLL
0x00007ffbc9070000 - 0x00007ffbc907c000 	C:\Program Files\Android\Android Studio1\jbr\bin\vcruntime140_1.dll
0x00007ffbb1870000 - 0x00007ffbb18fd000 	C:\Program Files\Android\Android Studio1\jbr\bin\msvcp140.dll
0x00007ffb06000000 - 0x00007ffb06c96000 	C:\Program Files\Android\Android Studio1\jbr\bin\server\jvm.dll
0x00007ffbd5430000 - 0x00007ffbd54eb000 	C:\WINDOWS\System32\ADVAPI32.dll
0x00007ffbd4b30000 - 0x00007ffbd4bd7000 	C:\WINDOWS\System32\sechost.dll
0x00007ffbd6090000 - 0x00007ffbd61a8000 	C:\WINDOWS\System32\RPCRT4.dll
0x00007ffbd54f0000 - 0x00007ffbd5564000 	C:\WINDOWS\System32\WS2_32.dll
0x00007ffbd2bc0000 - 0x00007ffbd2c1e000 	C:\WINDOWS\SYSTEM32\POWRPROF.dll
0x00007ffbcb610000 - 0x00007ffbcb645000 	C:\WINDOWS\SYSTEM32\WINMM.dll
0x00007ffbd05b0000 - 0x00007ffbd05bb000 	C:\WINDOWS\SYSTEM32\VERSION.dll
0x00007ffbd2ba0000 - 0x00007ffbd2bb4000 	C:\WINDOWS\SYSTEM32\UMPDC.dll
0x00007ffbd1af0000 - 0x00007ffbd1b0b000 	C:\WINDOWS\SYSTEM32\kernel.appcore.dll
0x00007ffbb7ac0000 - 0x00007ffbb7aca000 	C:\Program Files\Android\Android Studio1\jbr\bin\jimage.dll
0x00007ffbc69a0000 - 0x00007ffbc6be2000 	C:\WINDOWS\SYSTEM32\DBGHELP.DLL
0x00007ffbd5b90000 - 0x00007ffbd5f12000 	C:\WINDOWS\System32\combase.dll
0x00007ffbd5660000 - 0x00007ffbd5737000 	C:\WINDOWS\System32\OLEAUT32.dll
0x00007ffbb8a80000 - 0x00007ffbb8abb000 	C:\WINDOWS\SYSTEM32\dbgcore.DLL
0x00007ffbd3c40000 - 0x00007ffbd3ce5000 	C:\WINDOWS\System32\bcryptPrimitives.dll
0x00007ffbd0560000 - 0x00007ffbd056e000 	C:\Program Files\Android\Android Studio1\jbr\bin\instrument.dll
0x00007ffb9fbe0000 - 0x00007ffb9fc00000 	C:\Program Files\Android\Android Studio1\jbr\bin\java.dll
0x00007ffb99530000 - 0x00007ffb99548000 	C:\Program Files\Android\Android Studio1\jbr\bin\zip.dll
0x00007ffbd4c40000 - 0x00007ffbd539f000 	C:\WINDOWS\System32\SHELL32.dll
0x00007ffbd2d60000 - 0x00007ffbd2eca000 	C:\WINDOWS\System32\wintypes.dll
0x00007ffbd31a0000 - 0x00007ffbd3a04000 	C:\WINDOWS\System32\windows.storage.dll
0x00007ffbd5800000 - 0x00007ffbd58f7000 	C:\WINDOWS\System32\SHCORE.dll
0x00007ffbd55f0000 - 0x00007ffbd5657000 	C:\WINDOWS\System32\shlwapi.dll
0x00007ffbd2c80000 - 0x00007ffbd2ca9000 	C:\WINDOWS\SYSTEM32\profapi.dll
0x00007ffbb4620000 - 0x00007ffbb4630000 	C:\Program Files\Android\Android Studio1\jbr\bin\net.dll
0x00007ffbcbb70000 - 0x00007ffbcbc97000 	C:\WINDOWS\SYSTEM32\WINHTTP.dll
0x00007ffbd2060000 - 0x00007ffbd20cb000 	C:\WINDOWS\system32\mswsock.dll
0x00007ffb84b60000 - 0x00007ffb84b76000 	C:\Program Files\Android\Android Studio1\jbr\bin\nio.dll
0x00007ffb942b0000 - 0x00007ffb942c0000 	C:\Program Files\Android\Android Studio1\jbr\bin\verify.dll
0x00007ffbc6680000 - 0x00007ffbc66a7000 	C:\Users\mervi\.gradle\native\660c5614fbf4a5f2a75b1949f50a0caf5cd603558e7d8a26e50b933a0cfb79d1\windows-amd64\native-platform.dll
0x00007ffbb9190000 - 0x00007ffbb9207000 	C:\Users\mervi\.gradle\native\0.2.8\x86_64-windows-gnu\gradle-fileevents.dll
0x00007ffb978f0000 - 0x00007ffb978f9000 	C:\Program Files\Android\Android Studio1\jbr\bin\management.dll
0x00007ffb96e30000 - 0x00007ffb96e3b000 	C:\Program Files\Android\Android Studio1\jbr\bin\management_ext.dll
0x00007ffbd47d0000 - 0x00007ffbd47d8000 	C:\WINDOWS\System32\PSAPI.DLL
0x00007ffbd1500000 - 0x00007ffbd1533000 	C:\WINDOWS\SYSTEM32\IPHLPAPI.DLL
0x00007ffbd49c0000 - 0x00007ffbd49ca000 	C:\WINDOWS\System32\NSI.dll
0x00007ffb97b80000 - 0x00007ffb97b89000 	C:\Program Files\Android\Android Studio1\jbr\bin\extnet.dll
0x00007ffbd2340000 - 0x00007ffbd235b000 	C:\WINDOWS\SYSTEM32\CRYPTSP.dll
0x00007ffbd1a50000 - 0x00007ffbd1a89000 	C:\WINDOWS\system32\rsaenh.dll
0x00007ffbd2110000 - 0x00007ffbd2142000 	C:\WINDOWS\SYSTEM32\USERENV.dll
0x00007ffbd2c50000 - 0x00007ffbd2c7a000 	C:\WINDOWS\SYSTEM32\bcrypt.dll
0x00007ffbd2360000 - 0x00007ffbd236c000 	C:\WINDOWS\SYSTEM32\CRYPTBASE.dll
0x00007ffb9f3d0000 - 0x00007ffb9f3d8000 	C:\WINDOWS\system32\wshunix.dll

JVMTI agents:
C:\Users\mervi\.gradle\wrapper\dists\gradle-9.3.1-bin\23ovyewtku6u96viwx3xl3oks\gradle-9.3.1\lib\agents\gradle-instrumentation-agent-9.3.1.jar path:C:\Program Files\Android\Android Studio1\jbr\bin\instrument.dll, loaded, initialized, instrumentlib options:none

dbghelp: loaded successfully - version: 4.0.5 - missing functions: none
symbol engine: initialized successfully - sym options: 0x614 - pdb path: .;C:\Program Files\Android\Android Studio1\jbr\bin;C:\WINDOWS\SYSTEM32;C:\WINDOWS\WinSxS\amd64_microsoft.windows.common-controls_6595b64144ccf1df_6.0.26100.8037_none_3e092faae333b53b;C:\Program Files\Android\Android Studio1\jbr\bin\server;C:\Users\mervi\.gradle\native\660c5614fbf4a5f2a75b1949f50a0caf5cd603558e7d8a26e50b933a0cfb79d1\windows-amd64;C:\Users\mervi\.gradle\native\0.2.8\x86_64-windows-gnu

VM Arguments:
jvm_args: --add-opens=java.base/java.lang=ALL-UNNAMED --add-opens=java.base/java.lang.invoke=ALL-UNNAMED --add-opens=java.base/java.util=ALL-UNNAMED --add-opens=java.prefs/java.util.prefs=ALL-UNNAMED --add-exports=jdk.compiler/com.sun.tools.javac.api=ALL-UNNAMED --add-exports=jdk.compiler/com.sun.tools.javac.util=ALL-UNNAMED --add-opens=java.base/java.util=ALL-UNNAMED --add-opens=java.prefs/java.util.prefs=ALL-UNNAMED --add-opens=java.base/java.nio.charset=ALL-UNNAMED --add-opens=java.base/java.net=ALL-UNNAMED --add-opens=java.base/java.util.concurrent=ALL-UNNAMED --add-opens=java.base/java.util.concurrent.atomic=ALL-UNNAMED --add-opens=java.xml/javax.xml.namespace=ALL-UNNAMED --add-opens=java.base/java.time=ALL-UNNAMED -XX:MaxMetaspaceSize=384m -XX:+HeapDumpOnOutOfMemoryError -Xms256m -Xmx512m -Dfile.encoding=UTF-8 -Duser.country=GB -Duser.language=en -Duser.variant -javaagent:C:\Users\mervi\.gradle\wrapper\dists\gradle-9.3.1-bin\23ovyewtku6u96viwx3xl3oks\gradle-9.3.1\lib\agents\gradle-instrumentation-agent-9.3.1.jar 
java_command: org.gradle.launcher.daemon.bootstrap.GradleDaemon 9.3.1
java_class_path (initial): C:\Users\mervi\.gradle\wrapper\dists\gradle-9.3.1-bin\23ovyewtku6u96viwx3xl3oks\gradle-9.3.1\lib\gradle-daemon-main-9.3.1.jar
Launcher Type: SUN_STANDARD

[Global flags]
     intx CICompilerCount                          = 3                                         {product} {ergonomic}
   size_t CompressedClassSpaceSize                 = 335544320                                 {product} {ergonomic}
     uint ConcGCThreads                            = 1                                         {product} {ergonomic}
     uint G1ConcRefinementThreads                  = 4                                         {product} {ergonomic}
   size_t G1HeapRegionSize                         = 1048576                                   {product} {ergonomic}
    uintx GCDrainStackTargetSize                   = 64                                        {product} {ergonomic}
     bool HeapDumpOnOutOfMemoryError               = true                                   {manageable} {command line}
   size_t InitialHeapSize                          = 268435456                                 {product} {command line}
   size_t MarkStackSize                            = 4194304                                   {product} {ergonomic}
   size_t MaxHeapSize                              = 536870912                                 {product} {command line}
   size_t MaxMetaspaceSize                         = 402653184                                 {product} {command line}
   size_t MaxNewSize                               = 321912832                                 {product} {ergonomic}
   size_t MinHeapDeltaBytes                        = 1048576                                   {product} {ergonomic}
   size_t MinHeapSize                              = 268435456                                 {product} {command line}
    uintx NonNMethodCodeHeapSize                   = 5832780                                {pd product} {ergonomic}
    uintx NonProfiledCodeHeapSize                  = 122912730                              {pd product} {ergonomic}
    uintx ProfiledCodeHeapSize                     = 122912730                              {pd product} {ergonomic}
    uintx ReservedCodeCacheSize                    = 251658240                              {pd product} {ergonomic}
     bool SegmentedCodeCache                       = true                                      {product} {ergonomic}
   size_t SoftMaxHeapSize                          = 536870912                              {manageable} {ergonomic}
     bool UseCompressedOops                        = true                           {product lp64_product} {ergonomic}
     bool UseG1GC                                  = true                                      {product} {ergonomic}
     bool UseLargePagesIndividualAllocation        = false                                  {pd product} {ergonomic}

Logging:
Log output configuration:
 #0: stdout all=warning uptime,level,tags foldmultilines=false
 #1: stderr all=off uptime,level,tags foldmultilines=false

Release file:
JAVA_VERSION="21.0.9" 
MODULES="java.base java.compiler java.datatransfer java.xml java.prefs java.desktop java.instrument java.logging java.management java.security.sasl java.naming java.rmi java.management.rmi java.net.http java.scripting java.security.jgss java.transaction.xa java.sql java.sql.rowset java.xml.crypto java.se java.smartcardio jdk.accessibility jdk.internal.jvmstat jdk.attach jdk.charsets jdk.internal.opt jdk.zipfs jdk.compiler jdk.crypto.ec jdk.crypto.cryptoki jdk.dynalink jdk.hotspot.agent jdk.httpserver jdk.internal.ed jdk.internal.le jdk.internal.vm.ci jdk.jartool jdk.javadoc jdk.jcmd jdk.jdeps jdk.jdwp.agent jdk.jdi jdk.jfr jdk.jlink jdk.jsobject jdk.localedata jdk.management jdk.management.agent jdk.management.jfr jdk.naming.dns jdk.naming.rmi jdk.net jdk.sctp jdk.security.auth jdk.security.jgss jdk.unsupported jdk.unsupported.desktop jdk.xml.dom" 
IMPLEMENTOR="JetBrains s.r.o." 
JAVA_RUNTIME_VERSION="21.0.9+-14787801-b1163.94" 
LIBC="default" 
OS_ARCH="x86_64" 
OS_NAME="Windows" 
SOURCE=".:git:0c757ddc9f2f" 

Environment Variables:
PATH=C:\WINDOWS\system32;C:\WINDOWS;C:\WINDOWS\System32\Wbem;C:\WINDOWS\System32\WindowsPowerShell\v1.0\;C:\WINDOWS\System32\OpenSSH\;C:\Program Files\Git\cmd;C:\Users\mervi\AppData\Local\Programs\Python\Python313\Scripts\;C:\Users\mervi\AppData\Local\Programs\Python\Python313\;C:\Users\mervi\AppData\Local\Programs\Python\Python312\Scripts\;C:\Users\mervi\AppData\Local\Programs\Python\Python312\;C:\Users\mervi\AppData\Local\Microsoft\WindowsApps;
USERNAME=mervi
OS=Windows_NT
PROCESSOR_IDENTIFIER=AMD64 Family 23 Model 24 Stepping 1, AuthenticAMD
TMP=C:\Users\mervi\AppData\Local\Temp
TEMP=C:\Users\mervi\AppData\Local\Temp




Periodic native trim disabled

JNI global refs:
JNI global refs: 24, weak refs: 0

JNI global refs memory usage: 835, weak refs: 833

Process memory usage:
Resident Set Size: 118024K (1% of 6236300K total physical memory with 408124K free physical memory)

OOME stack traces (most recent first):
Classloader memory used:
Loader bootstrap                                                                       : 18321K
Loader org.gradle.internal.classloader.VisitableURLClassLoader                         : 17833K
Loader org.gradle.initialization.MixInLegacyTypesClassLoader                           : 2244K
Loader jdk.internal.loader.ClassLoaders$AppClassLoader                                 : 229K
Loader jdk.internal.loader.ClassLoaders$PlatformClassLoader                            : 130K
Loader jdk.internal.reflect.DelegatingClassLoader                                      : 38104B

Classes loaded by more than one classloader:
Class org.gradle.internal.classloader.FilteringClassLoader                            : loaded 2 times (x 105B)
Class org.gradle.internal.classloader.ClassLoaderHierarchy                            : loaded 2 times (x 70B)
Class org.gradle.api.internal.classpath.ManifestUtil                                  : loaded 2 times (x 71B)
Class org.gradle.internal.classloader.DefaultClassLoaderFactory                       : loaded 2 times (x 82B)
Class org.gradle.internal.classloader.ClassLoaderVisitor                              : loaded 2 times (x 76B)
Class org.gradle.api.internal.classpath.EffectiveClassPath                            : loaded 2 times (x 90B)
Class org.gradle.api.internal.DefaultClassPathProvider                                : loaded 2 times (x 76B)
Class [Lorg.gradle.api.internal.ClassPathProvider;                                    : loaded 2 times (x 69B)
Class org.gradle.api.internal.ClassPathProvider                                       : loaded 2 times (x 70B)
Class org.gradle.internal.service.UnknownServiceException                             : loaded 2 times (x 83B)
Class org.gradle.internal.classpath.TransformedClassPath                              : loaded 2 times (x 96B)
Class org.gradle.internal.classloader.InstrumentingClassLoader                        : loaded 2 times (x 70B)
Class org.gradle.internal.service.ServiceLocator                                      : loaded 2 times (x 70B)
Class org.gradle.internal.classloader.ClasspathUtil$1                                 : loaded 2 times (x 76B)
Class org.gradle.api.internal.classpath.DefaultModuleRegistry$DefaultModule           : loaded 2 times (x 86B)
Class org.gradle.api.internal.classpath.Module                                        : loaded 2 times (x 70B)
Class org.gradle.api.internal.classpath.UnknownModuleException                        : loaded 2 times (x 82B)
Class org.gradle.api.internal.DefaultClassPathRegistry                                : loaded 2 times (x 76B)
Class org.gradle.api.internal.ClassPathRegistry                                       : loaded 2 times (x 70B)
Class org.gradle.internal.classpath.DefaultClassPath$ImmutableUniqueList              : loaded 2 times (x 199B)
Class org.gradle.internal.classpath.ClassPath                                         : loaded 2 times (x 70B)
Class org.gradle.api.internal.classpath.ModuleRegistry                                : loaded 2 times (x 70B)
Class org.gradle.internal.installation.GradleInstallation$1                           : loaded 2 times (x 75B)
Class org.gradle.api.internal.classpath.DefaultModuleRegistry                         : loaded 2 times (x 86B)
Class org.gradle.internal.service.ServiceLookupException                              : loaded 2 times (x 82B)
Class org.gradle.internal.classloader.ClassLoaderFactory                              : loaded 2 times (x 70B)
Class org.gradle.internal.service.CachingServiceLocator                               : loaded 2 times (x 82B)
Class org.gradle.internal.classloader.ClasspathUtil                                   : loaded 2 times (x 71B)
Class org.gradle.api.specs.Spec                                                       : loaded 2 times (x 70B)
Class org.gradle.internal.classloader.VisitableURLClassLoader$InstrumentingVisitableURLClassLoader: loaded 2 times (x 123B)
Class org.gradle.internal.classloader.VisitableURLClassLoader$Spec                    : loaded 2 times (x 74B)
Class org.gradle.internal.classpath.DefaultClassPath                                  : loaded 2 times (x 90B)
Class org.gradle.internal.classloader.ClassLoaderSpec                                 : loaded 2 times (x 71B)
Class org.gradle.internal.classloader.VisitableURLClassLoader                         : loaded 2 times (x 117B)
Class org.gradle.internal.Cast                                                        : loaded 2 times (x 71B)
Class org.gradle.api.Action                                                           : loaded 2 times (x 70B)
Class org.gradle.internal.classpath.DefaultClassPath$ImmutableUniqueList$Builder      : loaded 2 times (x 75B)
Class org.gradle.api.GradleException                                                  : loaded 2 times (x 82B)
Class org.gradle.internal.IoActions                                                   : loaded 2 times (x 71B)
Class org.gradle.internal.classloader.SystemClassLoaderSpec                           : loaded 2 times (x 71B)
Class org.gradle.api.internal.classpath.GlobalCacheRootsProvider                      : loaded 2 times (x 70B)
Class org.gradle.internal.installation.CurrentGradleInstallationLocator               : loaded 2 times (x 71B)
Class org.gradle.internal.service.DefaultServiceLocator                               : loaded 2 times (x 83B)
Class org.gradle.internal.installation.CurrentGradleInstallation                      : loaded 2 times (x 73B)
Class org.gradle.util.internal.GUtil                                                  : loaded 2 times (x 71B)
Class org.gradle.internal.installation.GradleInstallation                             : loaded 2 times (x 75B)

---------------  S Y S T E M  ---------------

OS:
 Windows 11 , 64 bit Build 26100 (10.0.26100.7920)
OS uptime: 1 days 4:35 hours

CPU: total 4 (initial active 4) (4 cores per cpu, 2 threads per core) family 23 model 24 stepping 1 microcode 0x8108102, cx8, cmov, fxsr, ht, mmx, 3dnowpref, sse, sse2, sse3, ssse3, sse4a, sse4.1, sse4.2, popcnt, lzcnt, tsc, tscinvbit, avx, avx2, aes, clmul, bmi1, bmi2, adx, sha, fma, vzeroupper, clflush, clflushopt, rdtscp, f16c
Processor Information for the first 4 processors :
  Max Mhz: 2600, Current Mhz: 2600, Mhz Limit: 2600

Memory: 4k page, system-wide physical 6090M (397M free)
TotalPageFile size 24522M (AvailPageFile size 33M)
current process WorkingSet (physical memory assigned to process): 115M, peak: 254M
current process commit charge ("private bytes"): 407M, peak: 409M

vm_info: OpenJDK 64-Bit Server VM (21.0.9+-14787801-b1163.94) for windows-amd64 JRE (21.0.9+-14787801-b1163.94), built on 2026-01-27T21:15:44Z by "builder" with MS VC++ 16.10 / 16.11 (VS2019)

END.
