#
# There is insufficient memory for the Java Runtime Environment to continue.
# Native memory allocation (mmap) failed to map 65536 bytes. Error detail: Failed to commit metaspace.
# Possible reasons:
#   The system is out of physical RAM or swap space
#   This process is running with CompressedOops enabled, and the Java Heap may be blocking the growth of the native heap
# Possible solutions:
#   Reduce memory load on the system
#   Increase physical memory or swap space
#   Check if swap backing store is full
#   Decrease Java heap size (-Xmx/-Xms)
#   Decrease number of Java threads
#   Decrease Java thread stack sizes (-Xss)
#   Set larger code cache with -XX:ReservedCodeCacheSize=
#   JVM is running with Unscaled Compressed Oops mode in which the Java heap is
#     placed in the first 4GB address space. The Java Heap base address is the
#     maximum limit for the native heap growth. Please use -XX:HeapBaseMinAddress
#     to set the Java Heap base and to place the Java Heap above 4GB virtual address.
# This output file may be truncated or incomplete.
#
#  Out of Memory Error (virtualSpaceNode.cpp:113), pid=15796, tid=8448
#
# JRE version: OpenJDK Runtime Environment (21.0.9) (build 21.0.9+-14787801-b1163.94)
# Java VM: OpenJDK 64-Bit Server VM (21.0.9+-14787801-b1163.94, mixed mode, tiered, compressed oops, compressed class ptrs, g1 gc, windows-amd64)
# No core dump will be written. Minidumps are not enabled by default on client versions of Windows
#

---------------  S U M M A R Y ------------

Command Line: org.jetbrains.kotlin.cli.jvm.K2JVMCompiler @C:\Users\mervi\AndroidStudioProjects\PopularMoviesApp\app\build\20260331_12955363800963725047.compiler.options

Host: AMD Ryzen 3 3200U with Radeon Vega Mobile Gfx  , 4 cores, 5G,  Windows 11 , 64 bit Build 26100 (10.0.26100.7920)
Time: Tue Mar 31 11:42:48 2026 FLE Summer Time elapsed time: 5.342587 seconds (0d 0h 0m 5s)

---------------  T H R E A D  ---------------

Current thread (0x000001fbee7d0b00):  JavaThread "main"             [_thread_in_vm, id=8448, stack(0x000000b7c3100000,0x000000b7c3200000) (1024K)]

Stack: [0x000000b7c3100000,0x000000b7c3200000]
Native frames: (J=compiled Java code, j=interpreted, Vv=VM code, C=native code)
V  [jvm.dll+0x6d6c99]
V  [jvm.dll+0x866b83]
V  [jvm.dll+0x8691ae]
V  [jvm.dll+0x869893]
V  [jvm.dll+0x280776]
V  [jvm.dll+0x861a3e]
V  [jvm.dll+0x67a1b5]
V  [jvm.dll+0x67a21a]
V  [jvm.dll+0x67ca76]
V  [jvm.dll+0x67c942]
V  [jvm.dll+0x67abae]
V  [jvm.dll+0x26c646]
V  [jvm.dll+0x216f6b]
V  [jvm.dll+0x20c3ba]
V  [jvm.dll+0x5b7535]
V  [jvm.dll+0x21dedc]
V  [jvm.dll+0x7de31c]
V  [jvm.dll+0x7df3b2]
V  [jvm.dll+0x7df974]
V  [jvm.dll+0x7df608]
V  [jvm.dll+0x26eceb]
V  [jvm.dll+0x26ef05]
V  [jvm.dll+0x5da4f7]
V  [jvm.dll+0x5dd61e]
V  [jvm.dll+0x3dc7d0]
V  [jvm.dll+0x3dbe4d]
C  0x000001fb87548fb5

The last pc belongs to invokestatic (printed below).
Java frames: (J=compiled Java code, j=interpreted, Vv=VM code)
j  java.util.regex.Pattern.escape(ZZZ)I+905 java.base@21.0.9
j  java.util.regex.Pattern.atom()Ljava/util/regex/Pattern$Node;+287 java.base@21.0.9
j  java.util.regex.Pattern.sequence(Ljava/util/regex/Pattern$Node;)Ljava/util/regex/Pattern$Node;+345 java.base@21.0.9
j  java.util.regex.Pattern.expr(Ljava/util/regex/Pattern$Node;)Ljava/util/regex/Pattern$Node;+12 java.base@21.0.9
j  java.util.regex.Pattern.group0()Ljava/util/regex/Pattern$Node;+655 java.base@21.0.9
j  java.util.regex.Pattern.sequence(Ljava/util/regex/Pattern$Node;)Ljava/util/regex/Pattern$Node;+137 java.base@21.0.9
j  java.util.regex.Pattern.expr(Ljava/util/regex/Pattern$Node;)Ljava/util/regex/Pattern$Node;+12 java.base@21.0.9
j  java.util.regex.Pattern.compile()V+222 java.base@21.0.9
j  java.util.regex.Pattern.<init>(Ljava/lang/String;I)V+108 java.base@21.0.9
j  java.util.regex.Pattern.compile(Ljava/lang/String;)Ljava/util/regex/Pattern;+6 java.base@21.0.9
j  kotlin.text.Regex.<init>(Ljava/lang/String;)V+8
j  kotlin.reflect.jvm.internal.KDeclarationContainerImpl.<clinit>()V+25
v  ~StubRoutines::call_stub 0x000001fb8753100d
j  kotlin.reflect.jvm.internal.KClassCacheKt.getOrCreateKotlinClass(Ljava/lang/Class;)Lkotlin/reflect/jvm/internal/KClassImpl;+210
j  kotlin.reflect.jvm.internal.ReflectionFactoryImpl.getOrCreateKotlinClass(Ljava/lang/Class;)Lkotlin/reflect/KClass;+1
j  kotlin.jvm.internal.Reflection.getOrCreateKotlinClass(Ljava/lang/Class;)Lkotlin/reflect/KClass;+4
j  kotlin.jvm.JvmClassMappingKt.getKotlinClass(Ljava/lang/Class;)Lkotlin/reflect/KClass;+7
j  org.jetbrains.kotlin.cli.common.arguments.ParseCommandLineArgumentsKt.parsePreprocessedCommandLineArguments(Ljava/util/List;Lorg/jetbrains/kotlin/cli/common/arguments/CommonToolArguments;Lkotlin/Lazy;Z)V+677
j  org.jetbrains.kotlin.cli.common.arguments.ParseCommandLineArgumentsKt.parseCommandLineArguments(Ljava/util/List;Lorg/jetbrains/kotlin/cli/common/arguments/CommonToolArguments;Z)V+34
j  org.jetbrains.kotlin.cli.common.arguments.ParseCommandLineArgumentsKt.parseCommandLineArguments$default(Ljava/util/List;Lorg/jetbrains/kotlin/cli/common/arguments/CommonToolArguments;ZILjava/lang/Object;)V+11
j  org.jetbrains.kotlin.cli.common.CLICompiler.exec(Ljava/io/PrintStream;Lorg/jetbrains/kotlin/config/Services;Lorg/jetbrains/kotlin/cli/common/messages/MessageRenderer;[Ljava/lang/String;)Lorg/jetbrains/kotlin/cli/common/ExitCode;+45
j  org.jetbrains.kotlin.cli.common.CLICompiler.exec(Ljava/io/PrintStream;Lorg/jetbrains/kotlin/cli/common/messages/MessageRenderer;[Ljava/lang/String;)Lorg/jetbrains/kotlin/cli/common/ExitCode;+26
j  org.jetbrains.kotlin.cli.common.CLICompiler$Companion.doMainNoExit(Lorg/jetbrains/kotlin/cli/common/CLICompiler;[Ljava/lang/String;Lorg/jetbrains/kotlin/cli/common/messages/MessageRenderer;)Lorg/jetbrains/kotlin/cli/common/ExitCode;+39
j  org.jetbrains.kotlin.cli.common.CLICompiler$Companion.doMainNoExit$default(Lorg/jetbrains/kotlin/cli/common/CLICompiler$Companion;Lorg/jetbrains/kotlin/cli/common/CLICompiler;[Ljava/lang/String;Lorg/jetbrains/kotlin/cli/common/messages/MessageRenderer;ILjava/lang/Object;)Lorg/jetbrains/kotlin/cli/common/ExitCode;+16
j  org.jetbrains.kotlin.cli.common.CLICompiler$Companion.doMain(Lorg/jetbrains/kotlin/cli/common/CLICompiler;[Ljava/lang/String;)V+54
j  org.jetbrains.kotlin.cli.jvm.K2JVMCompiler$Companion.main([Ljava/lang/String;)V+20
j  org.jetbrains.kotlin.cli.jvm.K2JVMCompiler.main([Ljava/lang/String;)V+4
v  ~StubRoutines::call_stub 0x000001fb8753100d
invokestatic  184 invokestatic  [0x000001fb87548f00, 0x000001fb875491b0]  688 bytes
[MachCode]
  0x000001fb87548f00: 4883 ec08 | c5fa 1104 | 24eb 1f48 | 83ec 10c5 | fb11 0424 | eb14 4883 | ec10 4889 | 0424 48c7 
  0x000001fb87548f20: 4424 0800 | 0000 00eb | 0150 4c89 | 6dc0 410f | b755 0148 | 8b4d d0c1 | e202 8b5c | d138 c1eb 
  0x000001fb87548f40: 1081 e3ff | 0000 0081 | fbb8 0000 | 000f 84b4 | 0000 00bb | b800 0000 | e805 0000 | 00e9 9900 
  0x000001fb87548f60: 0000 488b | d348 8d44 | 2408 4c89 | 6dc0 498b | cfc5 f877 | 4989 afa8 | 0300 0049 | 8987 9803 
  0x000001fb87548f80: 0000 4883 | ec20 40f6 | c40f 0f84 | 1900 0000 | 4883 ec08 | 48b8 e0bd | 3d06 fb7f | 0000 ffd0 
  0x000001fb87548fa0: 4883 c408 | e90c 0000 | 0048 b8e0 | bd3d 06fb | 7f00 00ff | d048 83c4 | 2049 c787 | 9803 0000 
  0x000001fb87548fc0: 0000 0000 | 49c7 87a8 | 0300 0000 | 0000 0049 | c787 a003 | 0000 0000 | 0000 c5f8 | 7749 837f 
  0x000001fb87548fe0: 0800 0f84 | 0500 0000 | e913 7ffe | ff4c 8b6d | c04c 8b75 | c84e 8d74 | f500 c341 | 0fb7 5501 
  0x000001fb87549000: 488b 4dd0 | c1e2 0248 | 8b5c d140 | 488b 5b08 | 488b 5b08 | 488b 5b18 | 80bb 6101 | 0000 040f 
  0x000001fb87549020: 840d 0000 | 004c 3bbb | 6801 0000 | 0f85 21ff | ffff 488b | 5cd1 408b | 54d1 50c1 | ea1c 49ba 
  0x000001fb87549040: 7085 bc06 | fb7f 0000 | 498b 14d2 | 5248 8b45 | d848 85c0 | 0f84 1200 | 0000 4883 | 4008 0148 
  0x000001fb87549060: 8358 0800 | 4883 c010 | 4889 45d8 | 488b 45d8 | 4885 c00f | 842b 0100 | 0080 78f0 | 0a0f 8521 
  0x000001fb87549080: 0100 0048 | 83c0 084c | 8b68 f841 | 83ed 0041 | 83fd 020f | 8c00 0100 | 004c 8b6b | 0845 0fb7 
  0x000001fb875490a0: 6d2e 4c2b | 2841 83ed | 014e 8b6c | ec08 4d85 | ed75 0ef6 | 4008 0175 | 4ff0 4883 | 4808 01eb 
  0x000001fb875490c0: 4745 8b6d | 0849 c1e5 | 034d 8bd5 | 4c33 6808 | 49f7 c5fc | ffff ff74 | 2f41 f6c5 | 0275 2948 
  0x000001fb875490e0: 8378 0800 | 741e 4883 | 7808 0174 | 174d 8bea | 4c33 6808 | 49f7 c5fc | ffff ff74 | 0b48 8348 
  0x000001fb87549100: 0802 eb04 | 4c89 6808 | 4883 c010 | 4c8b 68e8 | 4183 ed02 | 4183 fd02 | 0f8c 7b00 | 0000 4c8b 
  0x000001fb87549120: 6b08 450f | b76d 2e4c | 2b28 4183 | ed01 4e8b | 6cec 084d | 85ed 750e | f640 0801 | 754f f048 
  0x000001fb87549140: 8348 0801 | eb47 458b | 6d08 49c1 | e503 4d8b | d54c 3368 | 0849 f7c5 | fcff ffff | 742f 41f6 
  0x000001fb87549160: c502 7529 | 4883 7808 | 0074 1e48 | 8378 0801 | 7417 4d8b | ea4c 3368 | 0849 f7c5 | fcff ffff 
  0x000001fb87549180: 740b 4883 | 4808 02eb | 044c 8968 | 0848 83c0 | 104c 8b68 | d841 83ed | 0441 c1e5 | 0349 03c5 
  0x000001fb875491a0: 4889 45d8 | 4c8d 6c24 | 084c 896d | f0ff 6368 
[/MachCode]

---------------  P R O C E S S  ---------------

Threads class SMR info:
_java_thread_list=0x000001fbf824a260, length=11, elements={
0x000001fbee7d0b00, 0x000001fbf7f595b0, 0x000001fbf7f5e1a0, 0x000001fbf80b0640,
0x000001fbf80b9c00, 0x000001fbf80ba660, 0x000001fbf80bb0c0, 0x000001fbf80bbb20,
0x000001fbf80bc580, 0x000001fbf80c3240, 0x000001fbf826d520
}

Java Threads: ( => current thread )
=>0x000001fbee7d0b00 JavaThread "main"                              [_thread_in_vm, id=8448, stack(0x000000b7c3100000,0x000000b7c3200000) (1024K)]
  0x000001fbf7f595b0 JavaThread "Common-Cleaner"             daemon [_thread_blocked, id=13592, stack(0x000000b7c3900000,0x000000b7c3a00000) (1024K)]
  0x000001fbf7f5e1a0 JavaThread "Reference Handler"          daemon [_thread_blocked, id=2840, stack(0x000000b7c3a00000,0x000000b7c3b00000) (1024K)]
  0x000001fbf80b0640 JavaThread "Finalizer"                  daemon [_thread_blocked, id=13884, stack(0x000000b7c3b00000,0x000000b7c3c00000) (1024K)]
  0x000001fbf80b9c00 JavaThread "Signal Dispatcher"          daemon [_thread_blocked, id=21084, stack(0x000000b7c3c00000,0x000000b7c3d00000) (1024K)]
  0x000001fbf80ba660 JavaThread "Attach Listener"            daemon [_thread_blocked, id=17772, stack(0x000000b7c3d00000,0x000000b7c3e00000) (1024K)]
  0x000001fbf80bb0c0 JavaThread "Service Thread"             daemon [_thread_blocked, id=20972, stack(0x000000b7c3e00000,0x000000b7c3f00000) (1024K)]
  0x000001fbf80bbb20 JavaThread "Monitor Deflation Thread"   daemon [_thread_blocked, id=10904, stack(0x000000b7c3f00000,0x000000b7c4000000) (1024K)]
  0x000001fbf80bc580 JavaThread "C2 CompilerThread0"         daemon [_thread_blocked, id=13656, stack(0x000000b7c4000000,0x000000b7c4100000) (1024K)]
  0x000001fbf80c3240 JavaThread "C1 CompilerThread0"         daemon [_thread_blocked, id=5584, stack(0x000000b7c4100000,0x000000b7c4200000) (1024K)]
  0x000001fbf826d520 JavaThread "Notification Thread"        daemon [_thread_blocked, id=6524, stack(0x000000b7c4200000,0x000000b7c4300000) (1024K)]
Total: 11

Other Threads:
  0x000001fbf7f2ba20 VMThread "VM Thread"                           [id=2280, stack(0x000000b7c3800000,0x000000b7c3900000) (1024K)]
  0x000001fbf7e8eac0 WatcherThread "VM Periodic Task Thread"        [id=4200, stack(0x000000b7c3700000,0x000000b7c3800000) (1024K)]
  0x000001fbf0b3fb80 WorkerThread "GC Thread#0"                     [id=18320, stack(0x000000b7c3200000,0x000000b7c3300000) (1024K)]
  0x000001fbf0b4c9e0 ConcurrentGCThread "G1 Main Marker"            [id=16120, stack(0x000000b7c3300000,0x000000b7c3400000) (1024K)]
  0x000001fbf0b4e320 WorkerThread "G1 Conc#0"                       [id=9324, stack(0x000000b7c3400000,0x000000b7c3500000) (1024K)]
  0x000001fbf0bbe880 ConcurrentGCThread "G1 Refine#0"               [id=16760, stack(0x000000b7c3500000,0x000000b7c3600000) (1024K)]
  0x000001fbf7d62420 ConcurrentGCThread "G1 Service"                [id=7976, stack(0x000000b7c3600000,0x000000b7c3700000) (1024K)]
Total: 7

Threads with active compile tasks:
Total: 0

VM state: not at safepoint (normal execution)

VM Mutex/Monitor currently owned by a thread:  ([mutex/lock_event])
[0x00007ffb06bb6490] Metaspace_lock - owner thread: 0x000001fbee7d0b00

Heap address: 0x00000000a0c00000, size: 1524 MB, Compressed Oops mode: 32-bit

CDS archive(s) not mapped
Compressed class space mapped at: 0x0000000100000000-0x0000000140000000, reserved size: 1073741824
Narrow klass base: 0x0000000000000000, Narrow klass shift: 3, Narrow klass range: 0x140000000

GC Precious Log:
 CardTable entry size: 512
 Card Set container configuration: InlinePtr #cards 5 size 8 Array Of Cards #cards 12 size 40 Howl #buckets 4 coarsen threshold 1843 Howl Bitmap #cards 512 size 80 coarsen threshold 460 Card regions per heap region 1 cards per card region 2048
 CPUs: 4 total, 4 available
 Memory: 6090M
 Large Page Support: Disabled
 NUMA Support: Disabled
 Compressed Oops: Enabled (32-bit)
 Heap Region Size: 1M
 Heap Min Capacity: 8M
 Heap Initial Capacity: 96M
 Heap Max Capacity: 1524M
 Pre-touch: Disabled
 Parallel Workers: 4
 Concurrent Workers: 1
 Concurrent Refinement Workers: 4
 Periodic GC: Disabled

Heap:
 garbage-first heap   total 98304K, used 13312K [0x00000000a0c00000, 0x0000000100000000)
  region size 1024K, 11 young (11264K), 0 survivors (0K)
 Metaspace       used 10649K, committed 10752K, reserved 1114112K
  class space    used 886K, committed 960K, reserved 1048576K

Heap Regions: E=young(eden), S=young(survivor), O=old, HS=humongous(starts), HC=humongous(continues), CS=collection set, F=free, TAMS=top-at-mark-start, PB=parsable bottom
|   0|0x00000000a0c00000, 0x00000000a0d00000, 0x00000000a0d00000|100%|HS|  |TAMS 0x00000000a0c00000| PB 0x00000000a0c00000| Complete 
|   1|0x00000000a0d00000, 0x00000000a0e00000, 0x00000000a0e00000|100%|HC|  |TAMS 0x00000000a0d00000| PB 0x00000000a0d00000| Complete 
|   2|0x00000000a0e00000, 0x00000000a0f00000, 0x00000000a0f00000|100%|HC|  |TAMS 0x00000000a0e00000| PB 0x00000000a0e00000| Complete 
|   3|0x00000000a0f00000, 0x00000000a1000000, 0x00000000a1000000|100%|HS|  |TAMS 0x00000000a0f00000| PB 0x00000000a0f00000| Complete 
|   4|0x00000000a1000000, 0x00000000a1000000, 0x00000000a1100000|  0%| F|  |TAMS 0x00000000a1000000| PB 0x00000000a1000000| Untracked 
|   5|0x00000000a1100000, 0x00000000a1100000, 0x00000000a1200000|  0%| F|  |TAMS 0x00000000a1100000| PB 0x00000000a1100000| Untracked 
|   6|0x00000000a1200000, 0x00000000a1200000, 0x00000000a1300000|  0%| F|  |TAMS 0x00000000a1200000| PB 0x00000000a1200000| Untracked 
|   7|0x00000000a1300000, 0x00000000a1300000, 0x00000000a1400000|  0%| F|  |TAMS 0x00000000a1300000| PB 0x00000000a1300000| Untracked 
|   8|0x00000000a1400000, 0x00000000a1400000, 0x00000000a1500000|  0%| F|  |TAMS 0x00000000a1400000| PB 0x00000000a1400000| Untracked 
|   9|0x00000000a1500000, 0x00000000a1500000, 0x00000000a1600000|  0%| F|  |TAMS 0x00000000a1500000| PB 0x00000000a1500000| Untracked 
|  10|0x00000000a1600000, 0x00000000a1600000, 0x00000000a1700000|  0%| F|  |TAMS 0x00000000a1600000| PB 0x00000000a1600000| Untracked 
|  11|0x00000000a1700000, 0x00000000a1700000, 0x00000000a1800000|  0%| F|  |TAMS 0x00000000a1700000| PB 0x00000000a1700000| Untracked 
|  12|0x00000000a1800000, 0x00000000a1800000, 0x00000000a1900000|  0%| F|  |TAMS 0x00000000a1800000| PB 0x00000000a1800000| Untracked 
|  13|0x00000000a1900000, 0x00000000a1900000, 0x00000000a1a00000|  0%| F|  |TAMS 0x00000000a1900000| PB 0x00000000a1900000| Untracked 
|  14|0x00000000a1a00000, 0x00000000a1a00000, 0x00000000a1b00000|  0%| F|  |TAMS 0x00000000a1a00000| PB 0x00000000a1a00000| Untracked 
|  15|0x00000000a1b00000, 0x00000000a1b00000, 0x00000000a1c00000|  0%| F|  |TAMS 0x00000000a1b00000| PB 0x00000000a1b00000| Untracked 
|  16|0x00000000a1c00000, 0x00000000a1c00000, 0x00000000a1d00000|  0%| F|  |TAMS 0x00000000a1c00000| PB 0x00000000a1c00000| Untracked 
|  17|0x00000000a1d00000, 0x00000000a1d00000, 0x00000000a1e00000|  0%| F|  |TAMS 0x00000000a1d00000| PB 0x00000000a1d00000| Untracked 
|  18|0x00000000a1e00000, 0x00000000a1e00000, 0x00000000a1f00000|  0%| F|  |TAMS 0x00000000a1e00000| PB 0x00000000a1e00000| Untracked 
|  19|0x00000000a1f00000, 0x00000000a1f00000, 0x00000000a2000000|  0%| F|  |TAMS 0x00000000a1f00000| PB 0x00000000a1f00000| Untracked 
|  20|0x00000000a2000000, 0x00000000a2000000, 0x00000000a2100000|  0%| F|  |TAMS 0x00000000a2000000| PB 0x00000000a2000000| Untracked 
|  21|0x00000000a2100000, 0x00000000a2100000, 0x00000000a2200000|  0%| F|  |TAMS 0x00000000a2100000| PB 0x00000000a2100000| Untracked 
|  22|0x00000000a2200000, 0x00000000a2200000, 0x00000000a2300000|  0%| F|  |TAMS 0x00000000a2200000| PB 0x00000000a2200000| Untracked 
|  23|0x00000000a2300000, 0x00000000a2300000, 0x00000000a2400000|  0%| F|  |TAMS 0x00000000a2300000| PB 0x00000000a2300000| Untracked 
|  24|0x00000000a2400000, 0x00000000a2400000, 0x00000000a2500000|  0%| F|  |TAMS 0x00000000a2400000| PB 0x00000000a2400000| Untracked 
|  25|0x00000000a2500000, 0x00000000a2500000, 0x00000000a2600000|  0%| F|  |TAMS 0x00000000a2500000| PB 0x00000000a2500000| Untracked 
|  26|0x00000000a2600000, 0x00000000a2600000, 0x00000000a2700000|  0%| F|  |TAMS 0x00000000a2600000| PB 0x00000000a2600000| Untracked 
|  27|0x00000000a2700000, 0x00000000a2700000, 0x00000000a2800000|  0%| F|  |TAMS 0x00000000a2700000| PB 0x00000000a2700000| Untracked 
|  28|0x00000000a2800000, 0x00000000a2800000, 0x00000000a2900000|  0%| F|  |TAMS 0x00000000a2800000| PB 0x00000000a2800000| Untracked 
|  29|0x00000000a2900000, 0x00000000a2900000, 0x00000000a2a00000|  0%| F|  |TAMS 0x00000000a2900000| PB 0x00000000a2900000| Untracked 
|  30|0x00000000a2a00000, 0x00000000a2a00000, 0x00000000a2b00000|  0%| F|  |TAMS 0x00000000a2a00000| PB 0x00000000a2a00000| Untracked 
|  31|0x00000000a2b00000, 0x00000000a2b00000, 0x00000000a2c00000|  0%| F|  |TAMS 0x00000000a2b00000| PB 0x00000000a2b00000| Untracked 
|  32|0x00000000a2c00000, 0x00000000a2c00000, 0x00000000a2d00000|  0%| F|  |TAMS 0x00000000a2c00000| PB 0x00000000a2c00000| Untracked 
|  33|0x00000000a2d00000, 0x00000000a2d00000, 0x00000000a2e00000|  0%| F|  |TAMS 0x00000000a2d00000| PB 0x00000000a2d00000| Untracked 
|  34|0x00000000a2e00000, 0x00000000a2e00000, 0x00000000a2f00000|  0%| F|  |TAMS 0x00000000a2e00000| PB 0x00000000a2e00000| Untracked 
|  35|0x00000000a2f00000, 0x00000000a2f00000, 0x00000000a3000000|  0%| F|  |TAMS 0x00000000a2f00000| PB 0x00000000a2f00000| Untracked 
|  36|0x00000000a3000000, 0x00000000a3000000, 0x00000000a3100000|  0%| F|  |TAMS 0x00000000a3000000| PB 0x00000000a3000000| Untracked 
|  37|0x00000000a3100000, 0x00000000a3100000, 0x00000000a3200000|  0%| F|  |TAMS 0x00000000a3100000| PB 0x00000000a3100000| Untracked 
|  38|0x00000000a3200000, 0x00000000a3200000, 0x00000000a3300000|  0%| F|  |TAMS 0x00000000a3200000| PB 0x00000000a3200000| Untracked 
|  39|0x00000000a3300000, 0x00000000a3300000, 0x00000000a3400000|  0%| F|  |TAMS 0x00000000a3300000| PB 0x00000000a3300000| Untracked 
|  40|0x00000000a3400000, 0x00000000a3400000, 0x00000000a3500000|  0%| F|  |TAMS 0x00000000a3400000| PB 0x00000000a3400000| Untracked 
|  41|0x00000000a3500000, 0x00000000a3500000, 0x00000000a3600000|  0%| F|  |TAMS 0x00000000a3500000| PB 0x00000000a3500000| Untracked 
|  42|0x00000000a3600000, 0x00000000a3600000, 0x00000000a3700000|  0%| F|  |TAMS 0x00000000a3600000| PB 0x00000000a3600000| Untracked 
|  43|0x00000000a3700000, 0x00000000a3700000, 0x00000000a3800000|  0%| F|  |TAMS 0x00000000a3700000| PB 0x00000000a3700000| Untracked 
|  44|0x00000000a3800000, 0x00000000a3800000, 0x00000000a3900000|  0%| F|  |TAMS 0x00000000a3800000| PB 0x00000000a3800000| Untracked 
|  45|0x00000000a3900000, 0x00000000a3900000, 0x00000000a3a00000|  0%| F|  |TAMS 0x00000000a3900000| PB 0x00000000a3900000| Untracked 
|  46|0x00000000a3a00000, 0x00000000a3a00000, 0x00000000a3b00000|  0%| F|  |TAMS 0x00000000a3a00000| PB 0x00000000a3a00000| Untracked 
|  47|0x00000000a3b00000, 0x00000000a3b00000, 0x00000000a3c00000|  0%| F|  |TAMS 0x00000000a3b00000| PB 0x00000000a3b00000| Untracked 
|  48|0x00000000a3c00000, 0x00000000a3c00000, 0x00000000a3d00000|  0%| F|  |TAMS 0x00000000a3c00000| PB 0x00000000a3c00000| Untracked 
|  49|0x00000000a3d00000, 0x00000000a3d00000, 0x00000000a3e00000|  0%| F|  |TAMS 0x00000000a3d00000| PB 0x00000000a3d00000| Untracked 
|  50|0x00000000a3e00000, 0x00000000a3e00000, 0x00000000a3f00000|  0%| F|  |TAMS 0x00000000a3e00000| PB 0x00000000a3e00000| Untracked 
|  51|0x00000000a3f00000, 0x00000000a3f00000, 0x00000000a4000000|  0%| F|  |TAMS 0x00000000a3f00000| PB 0x00000000a3f00000| Untracked 
|  52|0x00000000a4000000, 0x00000000a4000000, 0x00000000a4100000|  0%| F|  |TAMS 0x00000000a4000000| PB 0x00000000a4000000| Untracked 
|  53|0x00000000a4100000, 0x00000000a4100000, 0x00000000a4200000|  0%| F|  |TAMS 0x00000000a4100000| PB 0x00000000a4100000| Untracked 
|  54|0x00000000a4200000, 0x00000000a4200000, 0x00000000a4300000|  0%| F|  |TAMS 0x00000000a4200000| PB 0x00000000a4200000| Untracked 
|  55|0x00000000a4300000, 0x00000000a4300000, 0x00000000a4400000|  0%| F|  |TAMS 0x00000000a4300000| PB 0x00000000a4300000| Untracked 
|  56|0x00000000a4400000, 0x00000000a4400000, 0x00000000a4500000|  0%| F|  |TAMS 0x00000000a4400000| PB 0x00000000a4400000| Untracked 
|  57|0x00000000a4500000, 0x00000000a4500000, 0x00000000a4600000|  0%| F|  |TAMS 0x00000000a4500000| PB 0x00000000a4500000| Untracked 
|  58|0x00000000a4600000, 0x00000000a4600000, 0x00000000a4700000|  0%| F|  |TAMS 0x00000000a4600000| PB 0x00000000a4600000| Untracked 
|  59|0x00000000a4700000, 0x00000000a4700000, 0x00000000a4800000|  0%| F|  |TAMS 0x00000000a4700000| PB 0x00000000a4700000| Untracked 
|  60|0x00000000a4800000, 0x00000000a4800000, 0x00000000a4900000|  0%| F|  |TAMS 0x00000000a4800000| PB 0x00000000a4800000| Untracked 
|  61|0x00000000a4900000, 0x00000000a4900000, 0x00000000a4a00000|  0%| F|  |TAMS 0x00000000a4900000| PB 0x00000000a4900000| Untracked 
|  62|0x00000000a4a00000, 0x00000000a4a00000, 0x00000000a4b00000|  0%| F|  |TAMS 0x00000000a4a00000| PB 0x00000000a4a00000| Untracked 
|  63|0x00000000a4b00000, 0x00000000a4b00000, 0x00000000a4c00000|  0%| F|  |TAMS 0x00000000a4b00000| PB 0x00000000a4b00000| Untracked 
|  64|0x00000000a4c00000, 0x00000000a4c00000, 0x00000000a4d00000|  0%| F|  |TAMS 0x00000000a4c00000| PB 0x00000000a4c00000| Untracked 
|  65|0x00000000a4d00000, 0x00000000a4d00000, 0x00000000a4e00000|  0%| F|  |TAMS 0x00000000a4d00000| PB 0x00000000a4d00000| Untracked 
|  66|0x00000000a4e00000, 0x00000000a4e00000, 0x00000000a4f00000|  0%| F|  |TAMS 0x00000000a4e00000| PB 0x00000000a4e00000| Untracked 
|  67|0x00000000a4f00000, 0x00000000a4f00000, 0x00000000a5000000|  0%| F|  |TAMS 0x00000000a4f00000| PB 0x00000000a4f00000| Untracked 
|  68|0x00000000a5000000, 0x00000000a5000000, 0x00000000a5100000|  0%| F|  |TAMS 0x00000000a5000000| PB 0x00000000a5000000| Untracked 
|  69|0x00000000a5100000, 0x00000000a5100000, 0x00000000a5200000|  0%| F|  |TAMS 0x00000000a5100000| PB 0x00000000a5100000| Untracked 
|  70|0x00000000a5200000, 0x00000000a5200000, 0x00000000a5300000|  0%| F|  |TAMS 0x00000000a5200000| PB 0x00000000a5200000| Untracked 
|  71|0x00000000a5300000, 0x00000000a5300000, 0x00000000a5400000|  0%| F|  |TAMS 0x00000000a5300000| PB 0x00000000a5300000| Untracked 
|  72|0x00000000a5400000, 0x00000000a5400000, 0x00000000a5500000|  0%| F|  |TAMS 0x00000000a5400000| PB 0x00000000a5400000| Untracked 
|  73|0x00000000a5500000, 0x00000000a5500000, 0x00000000a5600000|  0%| F|  |TAMS 0x00000000a5500000| PB 0x00000000a5500000| Untracked 
|  74|0x00000000a5600000, 0x00000000a5600000, 0x00000000a5700000|  0%| F|  |TAMS 0x00000000a5600000| PB 0x00000000a5600000| Untracked 
|  75|0x00000000a5700000, 0x00000000a5700000, 0x00000000a5800000|  0%| F|  |TAMS 0x00000000a5700000| PB 0x00000000a5700000| Untracked 
|  76|0x00000000a5800000, 0x00000000a5800000, 0x00000000a5900000|  0%| F|  |TAMS 0x00000000a5800000| PB 0x00000000a5800000| Untracked 
|  77|0x00000000a5900000, 0x00000000a5900000, 0x00000000a5a00000|  0%| F|  |TAMS 0x00000000a5900000| PB 0x00000000a5900000| Untracked 
|  78|0x00000000a5a00000, 0x00000000a5a00000, 0x00000000a5b00000|  0%| F|  |TAMS 0x00000000a5a00000| PB 0x00000000a5a00000| Untracked 
|  79|0x00000000a5b00000, 0x00000000a5b00000, 0x00000000a5c00000|  0%| F|  |TAMS 0x00000000a5b00000| PB 0x00000000a5b00000| Untracked 
|  80|0x00000000a5c00000, 0x00000000a5c00000, 0x00000000a5d00000|  0%| F|  |TAMS 0x00000000a5c00000| PB 0x00000000a5c00000| Untracked 
|  81|0x00000000a5d00000, 0x00000000a5d00000, 0x00000000a5e00000|  0%| F|  |TAMS 0x00000000a5d00000| PB 0x00000000a5d00000| Untracked 
|  82|0x00000000a5e00000, 0x00000000a5e00000, 0x00000000a5f00000|  0%| F|  |TAMS 0x00000000a5e00000| PB 0x00000000a5e00000| Untracked 
|  83|0x00000000a5f00000, 0x00000000a5f00000, 0x00000000a6000000|  0%| F|  |TAMS 0x00000000a5f00000| PB 0x00000000a5f00000| Untracked 
|  84|0x00000000a6000000, 0x00000000a6000000, 0x00000000a6100000|  0%| F|  |TAMS 0x00000000a6000000| PB 0x00000000a6000000| Untracked 
|  85|0x00000000a6100000, 0x00000000a6200000, 0x00000000a6200000|100%| E|  |TAMS 0x00000000a6100000| PB 0x00000000a6100000| Complete 
|  86|0x00000000a6200000, 0x00000000a6300000, 0x00000000a6300000|100%| E|CS|TAMS 0x00000000a6200000| PB 0x00000000a6200000| Complete 
|  87|0x00000000a6300000, 0x00000000a6400000, 0x00000000a6400000|100%| E|CS|TAMS 0x00000000a6300000| PB 0x00000000a6300000| Complete 
|  88|0x00000000a6400000, 0x00000000a6500000, 0x00000000a6500000|100%| E|CS|TAMS 0x00000000a6400000| PB 0x00000000a6400000| Complete 
|  89|0x00000000a6500000, 0x00000000a6600000, 0x00000000a6600000|100%| E|  |TAMS 0x00000000a6500000| PB 0x00000000a6500000| Complete 
|  90|0x00000000a6600000, 0x00000000a6700000, 0x00000000a6700000|100%| E|CS|TAMS 0x00000000a6600000| PB 0x00000000a6600000| Complete 
|  91|0x00000000a6700000, 0x00000000a6800000, 0x00000000a6800000|100%| E|CS|TAMS 0x00000000a6700000| PB 0x00000000a6700000| Complete 
|  92|0x00000000a6800000, 0x00000000a6900000, 0x00000000a6900000|100%| E|CS|TAMS 0x00000000a6800000| PB 0x00000000a6800000| Complete 
|  93|0x00000000a6900000, 0x00000000a6a00000, 0x00000000a6a00000|100%| E|CS|TAMS 0x00000000a6900000| PB 0x00000000a6900000| Complete 
|  94|0x00000000a6a00000, 0x00000000a6b00000, 0x00000000a6b00000|100%| E|CS|TAMS 0x00000000a6a00000| PB 0x00000000a6a00000| Complete 
|  95|0x00000000a6b00000, 0x00000000a6c00000, 0x00000000a6c00000|100%| E|CS|TAMS 0x00000000a6b00000| PB 0x00000000a6b00000| Complete 

Card table byte_map: [0x000001fbf3f60000,0x000001fbf4260000] _byte_map_base: 0x000001fbf3a5a000

Marking Bits: (CMBitMap*) 0x000001fbf0b40280
 Bits: [0x000001fbf4260000, 0x000001fbf5a30000)

Polling page: 0x000001fbeee90000

Metaspace:

Usage:
  Non-class:      9.53 MB used.
      Class:    886.35 KB used.
       Both:     10.40 MB used.

Virtual space:
  Non-class space:       64.00 MB reserved,       9.56 MB ( 15%) committed,  1 nodes.
      Class space:        1.00 GB reserved,     960.00 KB ( <1%) committed,  1 nodes.
             Both:        1.06 GB reserved,      10.50 MB ( <1%) committed. 

Chunk freelists:
   Non-Class:  5.83 MB
       Class:  15.08 MB
        Both:  20.91 MB

MaxMetaspaceSize: unlimited
CompressedClassSpaceSize: 1.00 GB
Initial GC threshold: 21.00 MB
Current GC threshold: 21.00 MB
CDS: off
 - commit_granule_bytes: 65536.
 - commit_granule_words: 8192.
 - virtual_space_node_default_size: 8388608.
 - enlarge_chunks_in_place: 1.
 - use_allocation_guard: 0.


Internal statistics:

num_allocs_failed_limit: 0.
num_arena_births: 14.
num_arena_deaths: 0.
num_vsnodes_births: 2.
num_vsnodes_deaths: 0.
num_space_committed: 168.
num_space_uncommitted: 0.
num_chunks_returned_to_freelist: 0.
num_chunks_taken_from_freelist: 139.
num_chunk_merges: 0.
num_chunk_splits: 95.
num_chunks_enlarged: 80.
num_inconsistent_stats: 0.

CodeHeap 'non-profiled nmethods': size=120000Kb used=202Kb max_used=202Kb free=119797Kb
 bounds [0x000001fb87ad0000, 0x000001fb87d40000, 0x000001fb8f000000]
CodeHeap 'profiled nmethods': size=120000Kb used=983Kb max_used=983Kb free=119016Kb
 bounds [0x000001fb80000000, 0x000001fb80270000, 0x000001fb87530000]
CodeHeap 'non-nmethods': size=5760Kb used=1250Kb max_used=1265Kb free=4510Kb
 bounds [0x000001fb87530000, 0x000001fb877a0000, 0x000001fb87ad0000]
CodeCache: size=245760Kb, used=2435Kb, max_used=2450Kb, free=243323Kb
 total_blobs=1096, nmethods=657, adapters=344, full_count=0
Compilation: enabled, stopped_count=0, restarted_count=0

Compilation events (20 events):
Event: 5.128 Thread 0x000001fbf80c3240  648       3       java.util.zip.ZipFile$ZipFileInputStream::<init> (96 bytes)
Event: 5.129 Thread 0x000001fbf80c3240 nmethod 648 0x000001fb800f1490 code [0x000001fb800f16e0, 0x000001fb800f2108]
Event: 5.152 Thread 0x000001fbf80c3240  649       3       java.util.zip.ZipFile$ZipFileInflaterInputStream::<init> (14 bytes)
Event: 5.153 Thread 0x000001fbf80c3240 nmethod 649 0x000001fb800f2590 code [0x000001fb800f2740, 0x000001fb800f2908]
Event: 5.176 Thread 0x000001fbf80c3240  650       3       java.util.ArrayDeque::poll (5 bytes)
Event: 5.177 Thread 0x000001fbf80c3240 nmethod 650 0x000001fb800f2a10 code [0x000001fb800f2bc0, 0x000001fb800f2d18]
Event: 5.177 Thread 0x000001fbf80c3240  651       3       java.util.zip.InflaterInputStream::<init> (70 bytes)
Event: 5.177 Thread 0x000001fbf80c3240 nmethod 651 0x000001fb800f2e10 code [0x000001fb800f3020, 0x000001fb800f3700]
Event: 5.207 Thread 0x000001fbf80c3240  652       3       java.util.zip.ZipFile$InflaterCleanupAction::<init> (15 bytes)
Event: 5.207 Thread 0x000001fbf80c3240 nmethod 652 0x000001fb800f3910 code [0x000001fb800f3ac0, 0x000001fb800f3ce0]
Event: 5.259 Thread 0x000001fbf80c3240  653       3       java.util.zip.ZipUtils::LOCNAM (7 bytes)
Event: 5.259 Thread 0x000001fbf80c3240 nmethod 653 0x000001fb800f3d90 code [0x000001fb800f3f40, 0x000001fb800f40e0]
Event: 5.260 Thread 0x000001fbf80c3240  654       3       java.util.zip.ZipUtils::LOCEXT (7 bytes)
Event: 5.260 Thread 0x000001fbf80c3240 nmethod 654 0x000001fb800f4210 code [0x000001fb800f43c0, 0x000001fb800f4560]
Event: 5.279 Thread 0x000001fbf80c3240  655   !   3       java.util.zip.ZipFile$ZipFileInflaterInputStream::close (67 bytes)
Event: 5.280 Thread 0x000001fbf80c3240 nmethod 655 0x000001fb800f4690 code [0x000001fb800f48e0, 0x000001fb800f5100]
Event: 5.280 Thread 0x000001fbf80c3240  656       3       java.util.zip.InflaterInputStream::close (34 bytes)
Event: 5.281 Thread 0x000001fbf80c3240 nmethod 656 0x000001fb800f5490 code [0x000001fb800f5660, 0x000001fb800f58f8]
Event: 5.281 Thread 0x000001fbf80c3240  657       3       jdk.internal.ref.PhantomCleanable::clean (16 bytes)
Event: 5.281 Thread 0x000001fbf80c3240 nmethod 657 0x000001fb800f5a10 code [0x000001fb800f5be0, 0x000001fb800f5eb0]

GC Heap History (0 events):
No events

Dll operation events (2 events):
Event: 0.035 Loaded shared library C:\Program Files\Android\Android Studio1\jbr\bin\java.dll
Event: 0.091 Loaded shared library C:\Program Files\Android\Android Studio1\jbr\bin\zip.dll

Deoptimization events (20 events):
Event: 2.434 Thread 0x000001fbee7d0b00 DEOPT PACKING pc=0x000001fb8001a94c sp=0x000000b7c31fde40
Event: 2.434 Thread 0x000001fbee7d0b00 DEOPT UNPACKING pc=0x000001fb87584b42 sp=0x000000b7c31fd260 mode 0
Event: 2.481 Thread 0x000001fbee7d0b00 Uncommon trap: trap_request=0xffffff45 fr.pc=0x000001fb87adeae8 relative=0x0000000000000288
Event: 2.481 Thread 0x000001fbee7d0b00 Uncommon trap: reason=unstable_if action=reinterpret pc=0x000001fb87adeae8 method=java.lang.StringLatin1.hashCode([B)I @ 2 c2
Event: 2.481 Thread 0x000001fbee7d0b00 DEOPT PACKING pc=0x000001fb87adeae8 sp=0x000000b7c31fbba0
Event: 2.481 Thread 0x000001fbee7d0b00 DEOPT UNPACKING pc=0x000001fb875843a2 sp=0x000000b7c31fbad8 mode 2
Event: 2.550 Thread 0x000001fbee7d0b00 DEOPT PACKING pc=0x000001fb8001954c sp=0x000000b7c31f9600
Event: 2.550 Thread 0x000001fbee7d0b00 DEOPT UNPACKING pc=0x000001fb87584b42 sp=0x000000b7c31f8a68 mode 0
Event: 3.303 Thread 0x000001fbee7d0b00 Uncommon trap: trap_request=0xffffff45 fr.pc=0x000001fb87af0534 relative=0x0000000000000354
Event: 3.303 Thread 0x000001fbee7d0b00 Uncommon trap: reason=unstable_if action=reinterpret pc=0x000001fb87af0534 method=java.io.BufferedReader.implRead()I @ 12 c2
Event: 3.304 Thread 0x000001fbee7d0b00 DEOPT PACKING pc=0x000001fb87af0534 sp=0x000000b7c31fe930
Event: 3.304 Thread 0x000001fbee7d0b00 DEOPT UNPACKING pc=0x000001fb875843a2 sp=0x000000b7c31fe7f8 mode 2
Event: 3.315 Thread 0x000001fbee7d0b00 Uncommon trap: trap_request=0xffffff45 fr.pc=0x000001fb87af1068 relative=0x0000000000000308
Event: 3.315 Thread 0x000001fbee7d0b00 Uncommon trap: reason=unstable_if action=reinterpret pc=0x000001fb87af1068 method=java.io.BufferedReader.implRead()I @ 12 c2
Event: 3.315 Thread 0x000001fbee7d0b00 DEOPT PACKING pc=0x000001fb87af1068 sp=0x000000b7c31fe930
Event: 3.315 Thread 0x000001fbee7d0b00 DEOPT UNPACKING pc=0x000001fb875843a2 sp=0x000000b7c31fe868 mode 2
Event: 4.276 Thread 0x000001fbee7d0b00 Uncommon trap: trap_request=0xffffff6e fr.pc=0x000001fb87ae6e04 relative=0x0000000000000164
Event: 4.277 Thread 0x000001fbee7d0b00 Uncommon trap: reason=loop_limit_check action=maybe_recompile pc=0x000001fb87ae6e04 method=java.lang.StringLatin1.lastIndexOf([BII)I @ 19 c2
Event: 4.277 Thread 0x000001fbee7d0b00 DEOPT PACKING pc=0x000001fb87ae6e04 sp=0x000000b7c31fbf90
Event: 4.277 Thread 0x000001fbee7d0b00 DEOPT UNPACKING pc=0x000001fb875843a2 sp=0x000000b7c31fbf10 mode 2

Classes loaded (20 events):
Event: 3.998 Loading class java/util/ConcurrentModificationException done
Event: 4.091 Loading class java/lang/annotation/Repeatable
Event: 4.091 Loading class java/lang/annotation/Repeatable done
Event: 4.211 Loading class java/util/Stack
Event: 4.211 Loading class java/util/Vector
Event: 4.219 Loading class java/util/Vector done
Event: 4.219 Loading class java/util/Stack done
Event: 4.221 Loading class java/math/BigInteger
Event: 4.261 Loading class java/math/BigInteger done
Event: 4.277 Loading class java/math/MutableBigInteger
Event: 4.285 Loading class java/math/MutableBigInteger done
Event: 4.855 Loading class java/lang/invoke/MethodHandle$1
Event: 4.855 Loading class java/lang/invoke/MethodHandle$1 done
Event: 4.886 Loading class java/util/LinkedHashSet
Event: 4.887 Loading class java/util/LinkedHashSet done
Event: 4.892 Loading class java/lang/InstantiationException
Event: 4.892 Loading class java/lang/InstantiationException done
Event: 5.282 Loading class java/util/regex/Pattern$GroupTail
Event: 5.282 Loading class java/util/regex/Pattern$GroupTail done
Event: 5.282 Loading class java/util/regex/CharPredicates

Classes unloaded (0 events):
No events

Classes redefined (0 events):
No events

Internal exceptions (0 events):
No events

ZGC Phase Switch (0 events):
No events

VM Operations (12 events):
Event: 1.315 Executing VM operation: Cleanup
Event: 1.331 Executing VM operation: Cleanup done
Event: 1.627 Executing VM operation: HandshakeAllThreads (Deoptimize)
Event: 1.627 Executing VM operation: HandshakeAllThreads (Deoptimize) done
Event: 2.628 Executing VM operation: Cleanup
Event: 2.675 Executing VM operation: Cleanup done
Event: 3.688 Executing VM operation: Cleanup
Event: 3.688 Executing VM operation: Cleanup done
Event: 4.211 Executing VM operation: HandshakeAllThreads (Deoptimize)
Event: 4.211 Executing VM operation: HandshakeAllThreads (Deoptimize) done
Event: 5.223 Executing VM operation: Cleanup
Event: 5.257 Executing VM operation: Cleanup done

Memory protections (0 events):
No events

Nmethod flushes (0 events):
No events

Events (15 events):
Event: 0.066 Thread 0x000001fbee7d0b00 Thread added: 0x000001fbee7d0b00
Event: 0.537 Thread 0x000001fbee7d0b00 Thread added: 0x000001fbf7f595b0
Event: 0.611 Thread 0x000001fbee7d0b00 Thread added: 0x000001fbf7f5e1a0
Event: 0.611 Thread 0x000001fbee7d0b00 Thread added: 0x000001fbf80b0640
Event: 0.616 Thread 0x000001fbee7d0b00 Thread added: 0x000001fbf80b9c00
Event: 0.616 Thread 0x000001fbee7d0b00 Thread added: 0x000001fbf80ba660
Event: 0.616 Thread 0x000001fbee7d0b00 Thread added: 0x000001fbf80bb0c0
Event: 0.616 Thread 0x000001fbee7d0b00 Thread added: 0x000001fbf80bbb20
Event: 0.616 Thread 0x000001fbee7d0b00 Thread added: 0x000001fbf80bc580
Event: 0.628 Thread 0x000001fbee7d0b00 Thread added: 0x000001fbf80c3240
Event: 1.355 Thread 0x000001fbee7d0b00 Thread added: 0x000001fbf826d520
Event: 1.443 Loaded shared library C:\Program Files\Android\Android Studio1\jbr\bin\net.dll
Event: 1.451 Loaded shared library C:\Program Files\Android\Android Studio1\jbr\bin\nio.dll
Event: 1.615 Loaded shared library C:\Program Files\Android\Android Studio1\jbr\bin\zip.dll
Event: 1.937 Loaded shared library C:\Program Files\Android\Android Studio1\jbr\bin\jimage.dll


Dynamic libraries:
0x00007ff620600000 - 0x00007ff62060a000 	C:\Program Files\Android\Android Studio1\jbr\bin\java.exe
0x00007ffbd6480000 - 0x00007ffbd66e7000 	C:\WINDOWS\SYSTEM32\ntdll.dll
0x00007ffbd4700000 - 0x00007ffbd47c9000 	C:\WINDOWS\System32\KERNEL32.DLL
0x00007ffbd3e20000 - 0x00007ffbd4211000 	C:\WINDOWS\System32\KERNELBASE.dll
0x00007ffbd3ac0000 - 0x00007ffbd3c0b000 	C:\WINDOWS\System32\ucrtbase.dll
0x00007ffbd0660000 - 0x00007ffbd0678000 	C:\Program Files\Android\Android Studio1\jbr\bin\jli.dll
0x00007ffb9fc70000 - 0x00007ffb9fc8b000 	C:\Program Files\Android\Android Studio1\jbr\bin\VCRUNTIME140.dll
0x00007ffbd6260000 - 0x00007ffbd6425000 	C:\WINDOWS\System32\USER32.dll
0x00007ffbd3c10000 - 0x00007ffbd3c37000 	C:\WINDOWS\System32\win32u.dll
0x00007ffbba110000 - 0x00007ffbba3a3000 	C:\WINDOWS\WinSxS\amd64_microsoft.windows.common-controls_6595b64144ccf1df_6.0.26100.8037_none_3e092faae333b53b\COMCTL32.dll
0x00007ffbd4be0000 - 0x00007ffbd4c0b000 	C:\WINDOWS\System32\GDI32.dll
0x00007ffbd3cf0000 - 0x00007ffbd3e1b000 	C:\WINDOWS\System32\gdi32full.dll
0x00007ffbd3a10000 - 0x00007ffbd3ab3000 	C:\WINDOWS\System32\msvcp_win.dll
0x00007ffbd61b0000 - 0x00007ffbd6259000 	C:\WINDOWS\System32\msvcrt.dll
0x00007ffbd5f50000 - 0x00007ffbd5f81000 	C:\WINDOWS\System32\IMM32.DLL
0x00007ffbc9070000 - 0x00007ffbc907c000 	C:\Program Files\Android\Android Studio1\jbr\bin\vcruntime140_1.dll
0x00007ffbb1870000 - 0x00007ffbb18fd000 	C:\Program Files\Android\Android Studio1\jbr\bin\msvcp140.dll
0x00007ffb06000000 - 0x00007ffb06c96000 	C:\Program Files\Android\Android Studio1\jbr\bin\server\jvm.dll
0x00007ffbd5430000 - 0x00007ffbd54eb000 	C:\WINDOWS\System32\ADVAPI32.dll
0x00007ffbd4b30000 - 0x00007ffbd4bd7000 	C:\WINDOWS\System32\sechost.dll
0x00007ffbd6090000 - 0x00007ffbd61a8000 	C:\WINDOWS\System32\RPCRT4.dll
0x00007ffbd54f0000 - 0x00007ffbd5564000 	C:\WINDOWS\System32\WS2_32.dll
0x00007ffbd2bc0000 - 0x00007ffbd2c1e000 	C:\WINDOWS\SYSTEM32\POWRPROF.dll
0x00007ffbcb610000 - 0x00007ffbcb645000 	C:\WINDOWS\SYSTEM32\WINMM.dll
0x00007ffbd05b0000 - 0x00007ffbd05bb000 	C:\WINDOWS\SYSTEM32\VERSION.dll
0x00007ffbd2ba0000 - 0x00007ffbd2bb4000 	C:\WINDOWS\SYSTEM32\UMPDC.dll
0x00007ffbd1af0000 - 0x00007ffbd1b0b000 	C:\WINDOWS\SYSTEM32\kernel.appcore.dll
0x00007ffbb7ac0000 - 0x00007ffbb7aca000 	C:\Program Files\Android\Android Studio1\jbr\bin\jimage.dll
0x00007ffbc69a0000 - 0x00007ffbc6be2000 	C:\WINDOWS\SYSTEM32\DBGHELP.DLL
0x00007ffbd5b90000 - 0x00007ffbd5f12000 	C:\WINDOWS\System32\combase.dll
0x00007ffbd5660000 - 0x00007ffbd5737000 	C:\WINDOWS\System32\OLEAUT32.dll
0x00007ffbb8a80000 - 0x00007ffbb8abb000 	C:\WINDOWS\SYSTEM32\dbgcore.DLL
0x00007ffbd3c40000 - 0x00007ffbd3ce5000 	C:\WINDOWS\System32\bcryptPrimitives.dll
0x00007ffb9fbe0000 - 0x00007ffb9fc00000 	C:\Program Files\Android\Android Studio1\jbr\bin\java.dll
0x00007ffb99530000 - 0x00007ffb99548000 	C:\Program Files\Android\Android Studio1\jbr\bin\zip.dll
0x00007ffbd4c40000 - 0x00007ffbd539f000 	C:\WINDOWS\System32\SHELL32.dll
0x00007ffbd2d60000 - 0x00007ffbd2eca000 	C:\WINDOWS\System32\wintypes.dll
0x00007ffbd31a0000 - 0x00007ffbd3a04000 	C:\WINDOWS\System32\windows.storage.dll
0x00007ffbd5800000 - 0x00007ffbd58f7000 	C:\WINDOWS\System32\SHCORE.dll
0x00007ffbd55f0000 - 0x00007ffbd5657000 	C:\WINDOWS\System32\shlwapi.dll
0x00007ffbd2c80000 - 0x00007ffbd2ca9000 	C:\WINDOWS\SYSTEM32\profapi.dll
0x00007ffbb4620000 - 0x00007ffbb4630000 	C:\Program Files\Android\Android Studio1\jbr\bin\net.dll
0x00007ffbcbb70000 - 0x00007ffbcbc97000 	C:\WINDOWS\SYSTEM32\WINHTTP.dll
0x00007ffbd2060000 - 0x00007ffbd20cb000 	C:\WINDOWS\system32\mswsock.dll
0x00007ffb84b60000 - 0x00007ffb84b76000 	C:\Program Files\Android\Android Studio1\jbr\bin\nio.dll

JVMTI agents: none

dbghelp: loaded successfully - version: 4.0.5 - missing functions: none
symbol engine: initialized successfully - sym options: 0x614 - pdb path: .;C:\Program Files\Android\Android Studio1\jbr\bin;C:\WINDOWS\SYSTEM32;C:\WINDOWS\WinSxS\amd64_microsoft.windows.common-controls_6595b64144ccf1df_6.0.26100.8037_none_3e092faae333b53b;C:\Program Files\Android\Android Studio1\jbr\bin\server

VM Arguments:
java_command: org.jetbrains.kotlin.cli.jvm.K2JVMCompiler @C:\Users\mervi\AndroidStudioProjects\PopularMoviesApp\app\build\20260331_12955363800963725047.compiler.options
java_class_path (initial): C:\Users\mervi\.gradle\caches\modules-2\files-2.1\org.jetbrains.kotlin\kotlin-compiler-embeddable\2.2.10\6882d39ef03b18879c1a5d2a83c2212361bed5fe\kotlin-compiler-embeddable-2.2.10.jar;C:\Users\mervi\.gradle\caches\modules-2\files-2.1\org.jetbrains.kotlin\kotlin-stdlib\2.2.10\30de6faa127a4a012db8e71bf1b9c0a99b1402b2\kotlin-stdlib-2.2.10.jar;C:\Users\mervi\.gradle\caches\modules-2\files-2.1\org.jetbrains.kotlin\kotlin-script-runtime\2.2.10\712f9bc08f378c13a4a00f0bbb28c76e59183e83\kotlin-script-runtime-2.2.10.jar;C:\Users\mervi\.gradle\caches\modules-2\files-2.1\org.jetbrains.kotlin\kotlin-reflect\1.6.10\1cbe9c92c12a94eea200d23c2bbaedaf3daf5132\kotlin-reflect-1.6.10.jar;C:\Users\mervi\.gradle\caches\modules-2\files-2.1\org.jetbrains.kotlin\kotlin-daemon-embeddable\2.2.10\212fd3c2c6e4e5d0f4db3c4191233e2b622380cc\kotlin-daemon-embeddable-2.2.10.jar;C:\Users\mervi\.gradle\caches\modules-2\files-2.1\org.jetbrains.kotlinx\kotlinx-coroutines-core-jvm\1.8.0\ac1dc37a30a93150b704022f8d895ee1bd3a36b3\kotlinx-coroutines-core-jvm-1.8.0.jar;C:\Users\mervi\.gradle\caches\modules-2\files-2.1\org.jetbrains\annotations\13.0\919f0dfe192fb4e063e7dacadee7f8bb9a2672a9\annotations-13.0.jar
Launcher Type: SUN_STANDARD

[Global flags]
     intx CICompilerCount                          = 3                                         {product} {ergonomic}
     uint ConcGCThreads                            = 1                                         {product} {ergonomic}
     uint G1ConcRefinementThreads                  = 4                                         {product} {ergonomic}
   size_t G1HeapRegionSize                         = 1048576                                   {product} {ergonomic}
    uintx GCDrainStackTargetSize                   = 64                                        {product} {ergonomic}
   size_t InitialHeapSize                          = 100663296                                 {product} {ergonomic}
   size_t MarkStackSize                            = 4194304                                   {product} {ergonomic}
   size_t MaxHeapSize                              = 1598029824                                {product} {ergonomic}
   size_t MaxNewSize                               = 958398464                                 {product} {ergonomic}
   size_t MinHeapDeltaBytes                        = 1048576                                   {product} {ergonomic}
   size_t MinHeapSize                              = 8388608                                   {product} {ergonomic}
    uintx NonNMethodCodeHeapSize                   = 5832780                                {pd product} {ergonomic}
    uintx NonProfiledCodeHeapSize                  = 122912730                              {pd product} {ergonomic}
    uintx ProfiledCodeHeapSize                     = 122912730                              {pd product} {ergonomic}
    uintx ReservedCodeCacheSize                    = 251658240                              {pd product} {ergonomic}
     bool SegmentedCodeCache                       = true                                      {product} {ergonomic}
   size_t SoftMaxHeapSize                          = 1598029824                             {manageable} {ergonomic}
     bool UseCompressedOops                        = true                           {product lp64_product} {ergonomic}
     bool UseG1GC                                  = true                                      {product} {ergonomic}
     bool UseLargePagesIndividualAllocation        = false                                  {pd product} {ergonomic}

Logging:
Log output configuration:
 #0: stdout all=warning uptime,level,tags foldmultilines=false
 #1: stderr all=off uptime,level,tags foldmultilines=false

Release file:
JAVA_VERSION="21.0.9" 
MODULES="java.base java.compiler java.datatransfer java.xml java.prefs java.desktop java.instrument java.logging java.management java.security.sasl java.naming java.rmi java.management.rmi java.net.http java.scripting java.security.jgss java.transaction.xa java.sql java.sql.rowset java.xml.crypto java.se java.smartcardio jdk.accessibility jdk.internal.jvmstat jdk.attach jdk.charsets jdk.internal.opt jdk.zipfs jdk.compiler jdk.crypto.ec jdk.crypto.cryptoki jdk.dynalink jdk.hotspot.agent jdk.httpserver jdk.internal.ed jdk.internal.le jdk.internal.vm.ci jdk.jartool jdk.javadoc jdk.jcmd jdk.jdeps jdk.jdwp.agent jdk.jdi jdk.jfr jdk.jlink jdk.jsobject jdk.localedata jdk.management jdk.management.agent jdk.management.jfr jdk.naming.dns jdk.naming.rmi jdk.net jdk.sctp jdk.security.auth jdk.security.jgss jdk.unsupported jdk.unsupported.desktop jdk.xml.dom" 
IMPLEMENTOR="JetBrains s.r.o." 
JAVA_RUNTIME_VERSION="21.0.9+-14787801-b1163.94" 
LIBC="default" 
OS_ARCH="x86_64" 
OS_NAME="Windows" 
SOURCE=".:git:0c757ddc9f2f" 

Environment Variables:
PATH=C:\WINDOWS\system32;C:\WINDOWS;C:\WINDOWS\System32\Wbem;C:\WINDOWS\System32\WindowsPowerShell\v1.0\;C:\WINDOWS\System32\OpenSSH\;C:\Program Files\Git\cmd;C:\Users\mervi\AppData\Local\Programs\Python\Python313\Scripts\;C:\Users\mervi\AppData\Local\Programs\Python\Python313\;C:\Users\mervi\AppData\Local\Programs\Python\Python312\Scripts\;C:\Users\mervi\AppData\Local\Programs\Python\Python312\;C:\Users\mervi\AppData\Local\Microsoft\WindowsApps;
USERNAME=mervi
OS=Windows_NT
PROCESSOR_IDENTIFIER=AMD64 Family 23 Model 24 Stepping 1, AuthenticAMD
TMP=C:\Users\mervi\AppData\Local\Temp
TEMP=C:\Users\mervi\AppData\Local\Temp




Periodic native trim disabled

JNI global refs:
JNI global refs: 7, weak refs: 0

JNI global refs memory usage: 835, weak refs: 201

Process memory usage:
Resident Set Size: 60228K (0% of 6236300K total physical memory with 547544K free physical memory)

OOME stack traces (most recent first):
Classloader memory used:
Loader bootstrap                                                                       : 7999K
Loader jdk.internal.loader.ClassLoaders$AppClassLoader                                 : 2649K

---------------  S Y S T E M  ---------------

OS:
 Windows 11 , 64 bit Build 26100 (10.0.26100.7920)
OS uptime: 1 days 4:32 hours

CPU: total 4 (initial active 4) (4 cores per cpu, 2 threads per core) family 23 model 24 stepping 1 microcode 0x8108102, cx8, cmov, fxsr, ht, mmx, 3dnowpref, sse, sse2, sse3, ssse3, sse4a, sse4.1, sse4.2, popcnt, lzcnt, tsc, tscinvbit, avx, avx2, aes, clmul, bmi1, bmi2, adx, sha, fma, vzeroupper, clflush, clflushopt, rdtscp, f16c
Processor Information for the first 4 processors :
  Max Mhz: 2600, Current Mhz: 2600, Mhz Limit: 2600

Memory: 4k page, system-wide physical 6090M (535M free)
TotalPageFile size 24522M (AvailPageFile size 278M)
current process WorkingSet (physical memory assigned to process): 58M, peak: 58M
current process commit charge ("private bytes"): 171M, peak: 172M

vm_info: OpenJDK 64-Bit Server VM (21.0.9+-14787801-b1163.94) for windows-amd64 JRE (21.0.9+-14787801-b1163.94), built on 2026-01-27T21:15:44Z by "builder" with MS VC++ 16.10 / 16.11 (VS2019)

END.
